[2021-05-06 18:39:17] local.ERROR: No application encryption key has been specified. {"exception":"[object] (RuntimeException(code: 0): No application encryption key has been specified. at C:\\Users\\mique\\OneDrive\\Área de Trabalho\\GitHub\\ReciclaItapeWeb_Fatec\\vendor\\laravel\\framework\\src\\Illuminate\\Encryption\\EncryptionServiceProvider.php:80)
[stacktrace]
#0 C:\\Users\\mique\\OneDrive\\Área de Trabalho\\GitHub\\ReciclaItapeWeb_Fatec\\vendor\\laravel\\framework\\src\\Illuminate\\Support\\helpers.php(433): Illuminate\\Encryption\\EncryptionServiceProvider->Illuminate\\Encryption\\{closure}('')
#1 C:\\Users\\mique\\OneDrive\\Área de Trabalho\\GitHub\\ReciclaItapeWeb_Fatec\\vendor\\laravel\\framework\\src\\Illuminate\\Encryption\\EncryptionServiceProvider.php(84): tap('', Object(Closure))
#2 C:\\Users\\mique\\OneDrive\\Área de Trabalho\\GitHub\\ReciclaItapeWeb_Fatec\\vendor\\laravel\\framework\\src\\Illuminate\\Encryption\\EncryptionServiceProvider.php(61): Illuminate\\Encryption\\EncryptionServiceProvider->key(Array)
#3 C:\\Users\\mique\\OneDrive\\Área de Trabalho\\GitHub\\ReciclaItapeWeb_Fatec\\vendor\\laravel\\framework\\src\\Illuminate\\Encryption\\EncryptionServiceProvider.php(33): Illuminate\\Encryption\\EncryptionServiceProvider->parseKey(Array)
#4 C:\\Users\\mique\\OneDrive\\Área de Trabalho\\GitHub\\ReciclaItapeWeb_Fatec\\vendor\\laravel\\framework\\src\\Illuminate\\Container\\Container.php(805): Illuminate\\Encryption\\EncryptionServiceProvider->Illuminate\\Encryption\\{closure}(Object(Illuminate\\Foundation\\Application), Array)
#5 C:\\Users\\mique\\OneDrive\\Área de Trabalho\\GitHub\\ReciclaItapeWeb_Fatec\\vendor\\laravel\\framework\\src\\Illuminate\\Container\\Container.php(691): Illuminate\\Container\\Container->build(Object(Closure))
#6 C:\\Users\\mique\\OneDrive\\Área de Trabalho\\GitHub\\ReciclaItapeWeb_Fatec\\vendor\\laravel\\framework\\src\\Illuminate\\Foundation\\Application.php(796): Illuminate\\Container\\Container->resolve('encrypter', Array, true)
#7 C:\\Users\\mique\\OneDrive\\Área de Trabalho\\GitHub\\ReciclaItapeWeb_Fatec\\vendor\\laravel\\framework\\src\\Illuminate\\Container\\Container.php(637): Illuminate\\Foundation\\Application->resolve('encrypter', Array)
#8 C:\\Users\\mique\\OneDrive\\Área de Trabalho\\GitHub\\ReciclaItapeWeb_Fatec\\vendor\\laravel\\framework\\src\\Illuminate\\Foundation\\Application.php(781): Illuminate\\Container\\Container->make('encrypter', Array)
#9 C:\\Users\\mique\\OneDrive\\Área de Trabalho\\GitHub\\ReciclaItapeWeb_Fatec\\vendor\\laravel\\framework\\src\\Illuminate\\Container\\Container.php(959): Illuminate\\Foundation\\Application->make('encrypter')
#10 C:\\Users\\mique\\OneDrive\\Área de Trabalho\\GitHub\\ReciclaItapeWeb_Fatec\\vendor\\laravel\\framework\\src\\Illuminate\\Container\\Container.php(879): Illuminate\\Container\\Container->resolveClass(Object(ReflectionParameter))
#11 C:\\Users\\mique\\OneDrive\\Área de Trabalho\\GitHub\\ReciclaItapeWeb_Fatec\\vendor\\laravel\\framework\\src\\Illuminate\\Container\\Container.php(840): Illuminate\\Container\\Container->resolveDependencies(Array)
#12 C:\\Users\\mique\\OneDrive\\Área de Trabalho\\GitHub\\ReciclaItapeWeb_Fatec\\vendor\\laravel\\framework\\src\\Illuminate\\Container\\Container.php(691): Illuminate\\Container\\Container->build('App\\\\Http\\\\Middle...')
#13 C:\\Users\\mique\\OneDrive\\Área de Trabalho\\GitHub\\ReciclaItapeWeb_Fatec\\vendor\\laravel\\framework\\src\\Illuminate\\Foundation\\Application.php(796): Illuminate\\Container\\Container->resolve('App\\\\Http\\\\Middle...', Array, true)
#14 C:\\Users\\mique\\OneDrive\\Área de Trabalho\\GitHub\\ReciclaItapeWeb_Fatec\\vendor\\laravel\\framework\\src\\Illuminate\\Container\\Container.php(637): Illuminate\\Foundation\\Application->resolve('App\\\\Http\\\\Middle...', Array)
#15 C:\\Users\\mique\\OneDrive\\Área de Trabalho\\GitHub\\ReciclaItapeWeb_Fatec\\vendor\\laravel\\framework\\src\\Illuminate\\Foundation\\Application.php(781): Illuminate\\Container\\Container->make('App\\\\Http\\\\Middle...', Array)
#16 C:\\Users\\mique\\OneDrive\\Área de Trabalho\\GitHub\\ReciclaItapeWeb_Fatec\\vendor\\laravel\\framework\\src\\Illuminate\\Pipeline\\Pipeline.php(156): Illuminate\\Foundation\\Application->make('App\\\\Http\\\\Middle...')
#17 C:\\Users\\mique\\OneDrive\\Área de Trabalho\\GitHub\\ReciclaItapeWeb_Fatec\\vendor\\laravel\\framework\\src\\Illuminate\\Pipeline\\Pipeline.php(103): Illuminate\\Pipeline\\Pipeline->Illuminate\\Pipeline\\{closure}(Object(Illuminate\\Http\\Request))
#18 C:\\Users\\mique\\OneDrive\\Área de Trabalho\\GitHub\\ReciclaItapeWeb_Fatec\\vendor\\laravel\\framework\\src\\Illuminate\\Routing\\Router.php(687): Illuminate\\Pipeline\\Pipeline->then(Object(Closure))
#19 C:\\Users\\mique\\OneDrive\\Área de Trabalho\\GitHub\\ReciclaItapeWeb_Fatec\\vendor\\laravel\\framework\\src\\Illuminate\\Routing\\Router.php(662): Illuminate\\Routing\\Router->runRouteWithinStack(Object(Illuminate\\Routing\\Route), Object(Illuminate\\Http\\Request))
#20 C:\\Users\\mique\\OneDrive\\Área de Trabalho\\GitHub\\ReciclaItapeWeb_Fatec\\vendor\\laravel\\framework\\src\\Illuminate\\Routing\\Router.php(628): Illuminate\\Routing\\Router->runRoute(Object(Illuminate\\Http\\Request), Object(Illuminate\\Routing\\Route))
#21 C:\\Users\\mique\\OneDrive\\Área de Trabalho\\GitHub\\ReciclaItapeWeb_Fatec\\vendor\\laravel\\framework\\src\\Illuminate\\Routing\\Router.php(617): Illuminate\\Routing\\Router->dispatchToRoute(Object(Illuminate\\Http\\Request))
#22 C:\\Users\\mique\\OneDrive\\Área de Trabalho\\GitHub\\ReciclaItapeWeb_Fatec\\vendor\\laravel\\framework\\src\\Illuminate\\Foundation\\Http\\Kernel.php(165): Illuminate\\Routing\\Router->dispatch(Object(Illuminate\\Http\\Request))
#23 C:\\Users\\mique\\OneDrive\\Área de Trabalho\\GitHub\\ReciclaItapeWeb_Fatec\\vendor\\laravel\\framework\\src\\Illuminate\\Pipeline\\Pipeline.php(128): Illuminate\\Foundation\\Http\\Kernel->Illuminate\\Foundation\\Http\\{closure}(Object(Illuminate\\Http\\Request))
#24 C:\\Users\\mique\\OneDrive\\Área de Trabalho\\GitHub\\ReciclaItapeWeb_Fatec\\vendor\\laravel\\framework\\src\\Illuminate\\Foundation\\Http\\Middleware\\TransformsRequest.php(21): Illuminate\\Pipeline\\Pipeline->Illuminate\\Pipeline\\{closure}(Object(Illuminate\\Http\\Request))
#25 C:\\Users\\mique\\OneDrive\\Área de Trabalho\\GitHub\\ReciclaItapeWeb_Fatec\\vendor\\laravel\\framework\\src\\Illuminate\\Pipeline\\Pipeline.php(167): Illuminate\\Foundation\\Http\\Middleware\\TransformsRequest->handle(Object(Illuminate\\Http\\Request), Object(Closure))
#26 C:\\Users\\mique\\OneDrive\\Área de Trabalho\\GitHub\\ReciclaItapeWeb_Fatec\\vendor\\laravel\\framework\\src\\Illuminate\\Foundation\\Http\\Middleware\\TransformsRequest.php(21): Illuminate\\Pipeline\\Pipeline->Illuminate\\Pipeline\\{closure}(Object(Illuminate\\Http\\Request))
#27 C:\\Users\\mique\\OneDrive\\Área de Trabalho\\GitHub\\ReciclaItapeWeb_Fatec\\vendor\\laravel\\framework\\src\\Illuminate\\Pipeline\\Pipeline.php(167): Illuminate\\Foundation\\Http\\Middleware\\TransformsRequest->handle(Object(Illuminate\\Http\\Request), Object(Closure))
#28 C:\\Users\\mique\\OneDrive\\Área de Trabalho\\GitHub\\ReciclaItapeWeb_Fatec\\vendor\\laravel\\framework\\src\\Illuminate\\Foundation\\Http\\Middleware\\ValidatePostSize.php(27): Illuminate\\Pipeline\\Pipeline->Illuminate\\Pipeline\\{closure}(Object(Illuminate\\Http\\Request))
#29 C:\\Users\\mique\\OneDrive\\Área de Trabalho\\GitHub\\ReciclaItapeWeb_Fatec\\vendor\\laravel\\framework\\src\\Illuminate\\Pipeline\\Pipeline.php(167): Illuminate\\Foundation\\Http\\Middleware\\ValidatePostSize->handle(Object(Illuminate\\Http\\Request), Object(Closure))
#30 C:\\Users\\mique\\OneDrive\\Área de Trabalho\\GitHub\\ReciclaItapeWeb_Fatec\\vendor\\laravel\\framework\\src\\Illuminate\\Foundation\\Http\\Middleware\\CheckForMaintenanceMode.php(63): Illuminate\\Pipeline\\Pipeline->Illuminate\\Pipeline\\{closure}(Object(Illuminate\\Http\\Request))
#31 C:\\Users\\mique\\OneDrive\\Área de Trabalho\\GitHub\\ReciclaItapeWeb_Fatec\\vendor\\laravel\\framework\\src\\Illuminate\\Pipeline\\Pipeline.php(167): Illuminate\\Foundation\\Http\\Middleware\\CheckForMaintenanceMode->handle(Object(Illuminate\\Http\\Request), Object(Closure))
#32 C:\\Users\\mique\\OneDrive\\Área de Trabalho\\GitHub\\ReciclaItapeWeb_Fatec\\vendor\\fruitcake\\laravel-cors\\src\\HandleCors.php(38): Illuminate\\Pipeline\\Pipeline->Illuminate\\Pipeline\\{closure}(Object(Illuminate\\Http\\Request))
#33 C:\\Users\\mique\\OneDrive\\Área de Trabalho\\GitHub\\ReciclaItapeWeb_Fatec\\vendor\\laravel\\framework\\src\\Illuminate\\Pipeline\\Pipeline.php(167): Fruitcake\\Cors\\HandleCors->handle(Object(Illuminate\\Http\\Request), Object(Closure))
#34 C:\\Users\\mique\\OneDrive\\Área de Trabalho\\GitHub\\ReciclaItapeWeb_Fatec\\vendor\\fideloper\\proxy\\src\\TrustProxies.php(57): Illuminate\\Pipeline\\Pipeline->Illuminate\\Pipeline\\{closure}(Object(Illuminate\\Http\\Request))
#35 C:\\Users\\mique\\OneDrive\\Área de Trabalho\\GitHub\\ReciclaItapeWeb_Fatec\\vendor\\laravel\\framework\\src\\Illuminate\\Pipeline\\Pipeline.php(167): Fideloper\\Proxy\\TrustProxies->handle(Object(Illuminate\\Http\\Request), Object(Closure))
#36 C:\\Users\\mique\\OneDrive\\Área de Trabalho\\GitHub\\ReciclaItapeWeb_Fatec\\vendor\\laravel\\framework\\src\\Illuminate\\Pipeline\\Pipeline.php(103): Illuminate\\Pipeline\\Pipeline->Illuminate\\Pipeline\\{closure}(Object(Illuminate\\Http\\Request))
#37 C:\\Users\\mique\\OneDrive\\Área de Trabalho\\GitHub\\ReciclaItapeWeb_Fatec\\vendor\\laravel\\framework\\src\\Illuminate\\Foundation\\Http\\Kernel.php(140): Illuminate\\Pipeline\\Pipeline->then(Object(Closure))
#38 C:\\Users\\mique\\OneDrive\\Área de Trabalho\\GitHub\\ReciclaItapeWeb_Fatec\\vendor\\laravel\\framework\\src\\Illuminate\\Foundation\\Http\\Kernel.php(109): Illuminate\\Foundation\\Http\\Kernel->sendRequestThroughRouter(Object(Illuminate\\Http\\Request))
#39 C:\\Users\\mique\\OneDrive\\Área de Trabalho\\GitHub\\ReciclaItapeWeb_Fatec\\public\\index.php(55): Illuminate\\Foundation\\Http\\Kernel->handle(Object(Illuminate\\Http\\Request))
#40 C:\\Users\\mique\\OneDrive\\Área de Trabalho\\GitHub\\ReciclaItapeWeb_Fatec\\server.php(21): require_once('C:\\\\Users\\\\mique\\\\...')
#41 {main}
"} 
[2021-05-06 18:39:17] local.ERROR: No application encryption key has been specified. {"exception":"[object] (RuntimeException(code: 0): No application encryption key has been specified. at C:\\Users\\mique\\OneDrive\\Área de Trabalho\\GitHub\\ReciclaItapeWeb_Fatec\\vendor\\laravel\\framework\\src\\Illuminate\\Encryption\\EncryptionServiceProvider.php:80)
[stacktrace]
#0 C:\\Users\\mique\\OneDrive\\Área de Trabalho\\GitHub\\ReciclaItapeWeb_Fatec\\vendor\\laravel\\framework\\src\\Illuminate\\Support\\helpers.php(433): Illuminate\\Encryption\\EncryptionServiceProvider->Illuminate\\Encryption\\{closure}('')
#1 C:\\Users\\mique\\OneDrive\\Área de Trabalho\\GitHub\\ReciclaItapeWeb_Fatec\\vendor\\laravel\\framework\\src\\Illuminate\\Encryption\\EncryptionServiceProvider.php(84): tap('', Object(Closure))
#2 C:\\Users\\mique\\OneDrive\\Área de Trabalho\\GitHub\\ReciclaItapeWeb_Fatec\\vendor\\laravel\\framework\\src\\Illuminate\\Encryption\\EncryptionServiceProvider.php(61): Illuminate\\Encryption\\EncryptionServiceProvider->key(Array)
#3 C:\\Users\\mique\\OneDrive\\Área de Trabalho\\GitHub\\ReciclaItapeWeb_Fatec\\vendor\\laravel\\framework\\src\\Illuminate\\Encryption\\EncryptionServiceProvider.php(33): Illuminate\\Encryption\\EncryptionServiceProvider->parseKey(Array)
#4 C:\\Users\\mique\\OneDrive\\Área de Trabalho\\GitHub\\ReciclaItapeWeb_Fatec\\vendor\\laravel\\framework\\src\\Illuminate\\Container\\Container.php(805): Illuminate\\Encryption\\EncryptionServiceProvider->Illuminate\\Encryption\\{closure}(Object(Illuminate\\Foundation\\Application), Array)
#5 C:\\Users\\mique\\OneDrive\\Área de Trabalho\\GitHub\\ReciclaItapeWeb_Fatec\\vendor\\laravel\\framework\\src\\Illuminate\\Container\\Container.php(691): Illuminate\\Container\\Container->build(Object(Closure))
#6 C:\\Users\\mique\\OneDrive\\Área de Trabalho\\GitHub\\ReciclaItapeWeb_Fatec\\vendor\\laravel\\framework\\src\\Illuminate\\Foundation\\Application.php(796): Illuminate\\Container\\Container->resolve('encrypter', Array, true)
#7 C:\\Users\\mique\\OneDrive\\Área de Trabalho\\GitHub\\ReciclaItapeWeb_Fatec\\vendor\\laravel\\framework\\src\\Illuminate\\Container\\Container.php(637): Illuminate\\Foundation\\Application->resolve('encrypter', Array)
#8 C:\\Users\\mique\\OneDrive\\Área de Trabalho\\GitHub\\ReciclaItapeWeb_Fatec\\vendor\\laravel\\framework\\src\\Illuminate\\Foundation\\Application.php(781): Illuminate\\Container\\Container->make('encrypter', Array)
#9 C:\\Users\\mique\\OneDrive\\Área de Trabalho\\GitHub\\ReciclaItapeWeb_Fatec\\vendor\\laravel\\framework\\src\\Illuminate\\Container\\Container.php(959): Illuminate\\Foundation\\Application->make('encrypter')
#10 C:\\Users\\mique\\OneDrive\\Área de Trabalho\\GitHub\\ReciclaItapeWeb_Fatec\\vendor\\laravel\\framework\\src\\Illuminate\\Container\\Container.php(879): Illuminate\\Container\\Container->resolveClass(Object(ReflectionParameter))
#11 C:\\Users\\mique\\OneDrive\\Área de Trabalho\\GitHub\\ReciclaItapeWeb_Fatec\\vendor\\laravel\\framework\\src\\Illuminate\\Container\\Container.php(840): Illuminate\\Container\\Container->resolveDependencies(Array)
#12 C:\\Users\\mique\\OneDrive\\Área de Trabalho\\GitHub\\ReciclaItapeWeb_Fatec\\vendor\\laravel\\framework\\src\\Illuminate\\Container\\Container.php(691): Illuminate\\Container\\Container->build('App\\\\Http\\\\Middle...')
#13 C:\\Users\\mique\\OneDrive\\Área de Trabalho\\GitHub\\ReciclaItapeWeb_Fatec\\vendor\\laravel\\framework\\src\\Illuminate\\Foundation\\Application.php(796): Illuminate\\Container\\Container->resolve('App\\\\Http\\\\Middle...', Array, true)
#14 C:\\Users\\mique\\OneDrive\\Área de Trabalho\\GitHub\\ReciclaItapeWeb_Fatec\\vendor\\laravel\\framework\\src\\Illuminate\\Container\\Container.php(637): Illuminate\\Foundation\\Application->resolve('App\\\\Http\\\\Middle...', Array)
#15 C:\\Users\\mique\\OneDrive\\Área de Trabalho\\GitHub\\ReciclaItapeWeb_Fatec\\vendor\\laravel\\framework\\src\\Illuminate\\Foundation\\Application.php(781): Illuminate\\Container\\Container->make('App\\\\Http\\\\Middle...', Array)
#16 C:\\Users\\mique\\OneDrive\\Área de Trabalho\\GitHub\\ReciclaItapeWeb_Fatec\\vendor\\laravel\\framework\\src\\Illuminate\\Foundation\\Http\\Kernel.php(204): Illuminate\\Foundation\\Application->make('App\\\\Http\\\\Middle...')
#17 C:\\Users\\mique\\OneDrive\\Área de Trabalho\\GitHub\\ReciclaItapeWeb_Fatec\\vendor\\laravel\\framework\\src\\Illuminate\\Foundation\\Http\\Kernel.php(178): Illuminate\\Foundation\\Http\\Kernel->terminateMiddleware(Object(Illuminate\\Http\\Request), Object(Illuminate\\Http\\Response))
#18 C:\\Users\\mique\\OneDrive\\Área de Trabalho\\GitHub\\ReciclaItapeWeb_Fatec\\public\\index.php(60): Illuminate\\Foundation\\Http\\Kernel->terminate(Object(Illuminate\\Http\\Request), Object(Illuminate\\Http\\Response))
#19 C:\\Users\\mique\\OneDrive\\Área de Trabalho\\GitHub\\ReciclaItapeWeb_Fatec\\server.php(21): require_once('C:\\\\Users\\\\mique\\\\...')
#20 {main}
"} 
[2021-05-06 18:39:51] local.ERROR: The only supported ciphers are AES-128-CBC and AES-256-CBC with the correct key lengths. {"exception":"[object] (RuntimeException(code: 0): The only supported ciphers are AES-128-CBC and AES-256-CBC with the correct key lengths. at C:\\Users\\mique\\OneDrive\\Área de Trabalho\\GitHub\\ReciclaItapeWeb_Fatec\\vendor\\laravel\\framework\\src\\Illuminate\\Encryption\\Encrypter.php:43)
[stacktrace]
#0 C:\\Users\\mique\\OneDrive\\Área de Trabalho\\GitHub\\ReciclaItapeWeb_Fatec\\vendor\\laravel\\framework\\src\\Illuminate\\Encryption\\EncryptionServiceProvider.php(33): Illuminate\\Encryption\\Encrypter->__construct('\\xF9\\xA1\\x12'V1/\\xC6&\\x17\\x0F[\\xC73\\x98...', 'AES-256-CBC')
#1 C:\\Users\\mique\\OneDrive\\Área de Trabalho\\GitHub\\ReciclaItapeWeb_Fatec\\vendor\\laravel\\framework\\src\\Illuminate\\Container\\Container.php(805): Illuminate\\Encryption\\EncryptionServiceProvider->Illuminate\\Encryption\\{closure}(Object(Illuminate\\Foundation\\Application), Array)
#2 C:\\Users\\mique\\OneDrive\\Área de Trabalho\\GitHub\\ReciclaItapeWeb_Fatec\\vendor\\laravel\\framework\\src\\Illuminate\\Container\\Container.php(691): Illuminate\\Container\\Container->build(Object(Closure))
#3 C:\\Users\\mique\\OneDrive\\Área de Trabalho\\GitHub\\ReciclaItapeWeb_Fatec\\vendor\\laravel\\framework\\src\\Illuminate\\Foundation\\Application.php(796): Illuminate\\Container\\Container->resolve('encrypter', Array, true)
#4 C:\\Users\\mique\\OneDrive\\Área de Trabalho\\GitHub\\ReciclaItapeWeb_Fatec\\vendor\\laravel\\framework\\src\\Illuminate\\Container\\Container.php(637): Illuminate\\Foundation\\Application->resolve('encrypter', Array)
#5 C:\\Users\\mique\\OneDrive\\Área de Trabalho\\GitHub\\ReciclaItapeWeb_Fatec\\vendor\\laravel\\framework\\src\\Illuminate\\Foundation\\Application.php(781): Illuminate\\Container\\Container->make('encrypter', Array)
#6 C:\\Users\\mique\\OneDrive\\Área de Trabalho\\GitHub\\ReciclaItapeWeb_Fatec\\vendor\\laravel\\framework\\src\\Illuminate\\Container\\Container.php(959): Illuminate\\Foundation\\Application->make('encrypter')
#7 C:\\Users\\mique\\OneDrive\\Área de Trabalho\\GitHub\\ReciclaItapeWeb_Fatec\\vendor\\laravel\\framework\\src\\Illuminate\\Container\\Container.php(879): Illuminate\\Container\\Container->resolveClass(Object(ReflectionParameter))
#8 C:\\Users\\mique\\OneDrive\\Área de Trabalho\\GitHub\\ReciclaItapeWeb_Fatec\\vendor\\laravel\\framework\\src\\Illuminate\\Container\\Container.php(840): Illuminate\\Container\\Container->resolveDependencies(Array)
#9 C:\\Users\\mique\\OneDrive\\Área de Trabalho\\GitHub\\ReciclaItapeWeb_Fatec\\vendor\\laravel\\framework\\src\\Illuminate\\Container\\Container.php(691): Illuminate\\Container\\Container->build('App\\\\Http\\\\Middle...')
#10 C:\\Users\\mique\\OneDrive\\Área de Trabalho\\GitHub\\ReciclaItapeWeb_Fatec\\vendor\\laravel\\framework\\src\\Illuminate\\Foundation\\Application.php(796): Illuminate\\Container\\Container->resolve('App\\\\Http\\\\Middle...', Array, true)
#11 C:\\Users\\mique\\OneDrive\\Área de Trabalho\\GitHub\\ReciclaItapeWeb_Fatec\\vendor\\laravel\\framework\\src\\Illuminate\\Container\\Container.php(637): Illuminate\\Foundation\\Application->resolve('App\\\\Http\\\\Middle...', Array)
#12 C:\\Users\\mique\\OneDrive\\Área de Trabalho\\GitHub\\ReciclaItapeWeb_Fatec\\vendor\\laravel\\framework\\src\\Illuminate\\Foundation\\Application.php(781): Illuminate\\Container\\Container->make('App\\\\Http\\\\Middle...', Array)
#13 C:\\Users\\mique\\OneDrive\\Área de Trabalho\\GitHub\\ReciclaItapeWeb_Fatec\\vendor\\laravel\\framework\\src\\Illuminate\\Pipeline\\Pipeline.php(156): Illuminate\\Foundation\\Application->make('App\\\\Http\\\\Middle...')
#14 C:\\Users\\mique\\OneDrive\\Área de Trabalho\\GitHub\\ReciclaItapeWeb_Fatec\\vendor\\laravel\\framework\\src\\Illuminate\\Pipeline\\Pipeline.php(103): Illuminate\\Pipeline\\Pipeline->Illuminate\\Pipeline\\{closure}(Object(Illuminate\\Http\\Request))
#15 C:\\Users\\mique\\OneDrive\\Área de Trabalho\\GitHub\\ReciclaItapeWeb_Fatec\\vendor\\laravel\\framework\\src\\Illuminate\\Routing\\Router.php(687): Illuminate\\Pipeline\\Pipeline->then(Object(Closure))
#16 C:\\Users\\mique\\OneDrive\\Área de Trabalho\\GitHub\\ReciclaItapeWeb_Fatec\\vendor\\laravel\\framework\\src\\Illuminate\\Routing\\Router.php(662): Illuminate\\Routing\\Router->runRouteWithinStack(Object(Illuminate\\Routing\\Route), Object(Illuminate\\Http\\Request))
#17 C:\\Users\\mique\\OneDrive\\Área de Trabalho\\GitHub\\ReciclaItapeWeb_Fatec\\vendor\\laravel\\framework\\src\\Illuminate\\Routing\\Router.php(628): Illuminate\\Routing\\Router->runRoute(Object(Illuminate\\Http\\Request), Object(Illuminate\\Routing\\Route))
#18 C:\\Users\\mique\\OneDrive\\Área de Trabalho\\GitHub\\ReciclaItapeWeb_Fatec\\vendor\\laravel\\framework\\src\\Illuminate\\Routing\\Router.php(617): Illuminate\\Routing\\Router->dispatchToRoute(Object(Illuminate\\Http\\Request))
#19 C:\\Users\\mique\\OneDrive\\Área de Trabalho\\GitHub\\ReciclaItapeWeb_Fatec\\vendor\\laravel\\framework\\src\\Illuminate\\Foundation\\Http\\Kernel.php(165): Illuminate\\Routing\\Router->dispatch(Object(Illuminate\\Http\\Request))
#20 C:\\Users\\mique\\OneDrive\\Área de Trabalho\\GitHub\\ReciclaItapeWeb_Fatec\\vendor\\laravel\\framework\\src\\Illuminate\\Pipeline\\Pipeline.php(128): Illuminate\\Foundation\\Http\\Kernel->Illuminate\\Foundation\\Http\\{closure}(Object(Illuminate\\Http\\Request))
#21 C:\\Users\\mique\\OneDrive\\Área de Trabalho\\GitHub\\ReciclaItapeWeb_Fatec\\vendor\\laravel\\framework\\src\\Illuminate\\Foundation\\Http\\Middleware\\TransformsRequest.php(21): Illuminate\\Pipeline\\Pipeline->Illuminate\\Pipeline\\{closure}(Object(Illuminate\\Http\\Request))
#22 C:\\Users\\mique\\OneDrive\\Área de Trabalho\\GitHub\\ReciclaItapeWeb_Fatec\\vendor\\laravel\\framework\\src\\Illuminate\\Pipeline\\Pipeline.php(167): Illuminate\\Foundation\\Http\\Middleware\\TransformsRequest->handle(Object(Illuminate\\Http\\Request), Object(Closure))
#23 C:\\Users\\mique\\OneDrive\\Área de Trabalho\\GitHub\\ReciclaItapeWeb_Fatec\\vendor\\laravel\\framework\\src\\Illuminate\\Foundation\\Http\\Middleware\\TransformsRequest.php(21): Illuminate\\Pipeline\\Pipeline->Illuminate\\Pipeline\\{closure}(Object(Illuminate\\Http\\Request))
#24 C:\\Users\\mique\\OneDrive\\Área de Trabalho\\GitHub\\ReciclaItapeWeb_Fatec\\vendor\\laravel\\framework\\src\\Illuminate\\Pipeline\\Pipeline.php(167): Illuminate\\Foundation\\Http\\Middleware\\TransformsRequest->handle(Object(Illuminate\\Http\\Request), Object(Closure))
#25 C:\\Users\\mique\\OneDrive\\Área de Trabalho\\GitHub\\ReciclaItapeWeb_Fatec\\vendor\\laravel\\framework\\src\\Illuminate\\Foundation\\Http\\Middleware\\ValidatePostSize.php(27): Illuminate\\Pipeline\\Pipeline->Illuminate\\Pipeline\\{closure}(Object(Illuminate\\Http\\Request))
#26 C:\\Users\\mique\\OneDrive\\Área de Trabalho\\GitHub\\ReciclaItapeWeb_Fatec\\vendor\\laravel\\framework\\src\\Illuminate\\Pipeline\\Pipeline.php(167): Illuminate\\Foundation\\Http\\Middleware\\ValidatePostSize->handle(Object(Illuminate\\Http\\Request), Object(Closure))
#27 C:\\Users\\mique\\OneDrive\\Área de Trabalho\\GitHub\\ReciclaItapeWeb_Fatec\\vendor\\laravel\\framework\\src\\Illuminate\\Foundation\\Http\\Middleware\\CheckForMaintenanceMode.php(63): Illuminate\\Pipeline\\Pipeline->Illuminate\\Pipeline\\{closure}(Object(Illuminate\\Http\\Request))
#28 C:\\Users\\mique\\OneDrive\\Área de Trabalho\\GitHub\\ReciclaItapeWeb_Fatec\\vendor\\laravel\\framework\\src\\Illuminate\\Pipeline\\Pipeline.php(167): Illuminate\\Foundation\\Http\\Middleware\\CheckForMaintenanceMode->handle(Object(Illuminate\\Http\\Request), Object(Closure))
#29 C:\\Users\\mique\\OneDrive\\Área de Trabalho\\GitHub\\ReciclaItapeWeb_Fatec\\vendor\\fruitcake\\laravel-cors\\src\\HandleCors.php(38): Illuminate\\Pipeline\\Pipeline->Illuminate\\Pipeline\\{closure}(Object(Illuminate\\Http\\Request))
#30 C:\\Users\\mique\\OneDrive\\Área de Trabalho\\GitHub\\ReciclaItapeWeb_Fatec\\vendor\\laravel\\framework\\src\\Illuminate\\Pipeline\\Pipeline.php(167): Fruitcake\\Cors\\HandleCors->handle(Object(Illuminate\\Http\\Request), Object(Closure))
#31 C:\\Users\\mique\\OneDrive\\Área de Trabalho\\GitHub\\ReciclaItapeWeb_Fatec\\vendor\\fideloper\\proxy\\src\\TrustProxies.php(57): Illuminate\\Pipeline\\Pipeline->Illuminate\\Pipeline\\{closure}(Object(Illuminate\\Http\\Request))
#32 C:\\Users\\mique\\OneDrive\\Área de Trabalho\\GitHub\\ReciclaItapeWeb_Fatec\\vendor\\laravel\\framework\\src\\Illuminate\\Pipeline\\Pipeline.php(167): Fideloper\\Proxy\\TrustProxies->handle(Object(Illuminate\\Http\\Request), Object(Closure))
#33 C:\\Users\\mique\\OneDrive\\Área de Trabalho\\GitHub\\ReciclaItapeWeb_Fatec\\vendor\\laravel\\framework\\src\\Illuminate\\Pipeline\\Pipeline.php(103): Illuminate\\Pipeline\\Pipeline->Illuminate\\Pipeline\\{closure}(Object(Illuminate\\Http\\Request))
#34 C:\\Users\\mique\\OneDrive\\Área de Trabalho\\GitHub\\ReciclaItapeWeb_Fatec\\vendor\\laravel\\framework\\src\\Illuminate\\Foundation\\Http\\Kernel.php(140): Illuminate\\Pipeline\\Pipeline->then(Object(Closure))
#35 C:\\Users\\mique\\OneDrive\\Área de Trabalho\\GitHub\\ReciclaItapeWeb_Fatec\\vendor\\laravel\\framework\\src\\Illuminate\\Foundation\\Http\\Kernel.php(109): Illuminate\\Foundation\\Http\\Kernel->sendRequestThroughRouter(Object(Illuminate\\Http\\Request))
#36 C:\\Users\\mique\\OneDrive\\Área de Trabalho\\GitHub\\ReciclaItapeWeb_Fatec\\public\\index.php(55): Illuminate\\Foundation\\Http\\Kernel->handle(Object(Illuminate\\Http\\Request))
#37 C:\\Users\\mique\\OneDrive\\Área de Trabalho\\GitHub\\ReciclaItapeWeb_Fatec\\server.php(21): require_once('C:\\\\Users\\\\mique\\\\...')
#38 {main}
"} 
[2021-05-06 18:39:51] local.ERROR: The only supported ciphers are AES-128-CBC and AES-256-CBC with the correct key lengths. {"exception":"[object] (RuntimeException(code: 0): The only supported ciphers are AES-128-CBC and AES-256-CBC with the correct key lengths. at C:\\Users\\mique\\OneDrive\\Área de Trabalho\\GitHub\\ReciclaItapeWeb_Fatec\\vendor\\laravel\\framework\\src\\Illuminate\\Encryption\\Encrypter.php:43)
[stacktrace]
#0 C:\\Users\\mique\\OneDrive\\Área de Trabalho\\GitHub\\ReciclaItapeWeb_Fatec\\vendor\\laravel\\framework\\src\\Illuminate\\Encryption\\EncryptionServiceProvider.php(33): Illuminate\\Encryption\\Encrypter->__construct('\\xF9\\xA1\\x12'V1/\\xC6&\\x17\\x0F[\\xC73\\x98...', 'AES-256-CBC')
#1 C:\\Users\\mique\\OneDrive\\Área de Trabalho\\GitHub\\ReciclaItapeWeb_Fatec\\vendor\\laravel\\framework\\src\\Illuminate\\Container\\Container.php(805): Illuminate\\Encryption\\EncryptionServiceProvider->Illuminate\\Encryption\\{closure}(Object(Illuminate\\Foundation\\Application), Array)
#2 C:\\Users\\mique\\OneDrive\\Área de Trabalho\\GitHub\\ReciclaItapeWeb_Fatec\\vendor\\laravel\\framework\\src\\Illuminate\\Container\\Container.php(691): Illuminate\\Container\\Container->build(Object(Closure))
#3 C:\\Users\\mique\\OneDrive\\Área de Trabalho\\GitHub\\ReciclaItapeWeb_Fatec\\vendor\\laravel\\framework\\src\\Illuminate\\Foundation\\Application.php(796): Illuminate\\Container\\Container->resolve('encrypter', Array, true)
#4 C:\\Users\\mique\\OneDrive\\Área de Trabalho\\GitHub\\ReciclaItapeWeb_Fatec\\vendor\\laravel\\framework\\src\\Illuminate\\Container\\Container.php(637): Illuminate\\Foundation\\Application->resolve('encrypter', Array)
#5 C:\\Users\\mique\\OneDrive\\Área de Trabalho\\GitHub\\ReciclaItapeWeb_Fatec\\vendor\\laravel\\framework\\src\\Illuminate\\Foundation\\Application.php(781): Illuminate\\Container\\Container->make('encrypter', Array)
#6 C:\\Users\\mique\\OneDrive\\Área de Trabalho\\GitHub\\ReciclaItapeWeb_Fatec\\vendor\\laravel\\framework\\src\\Illuminate\\Container\\Container.php(959): Illuminate\\Foundation\\Application->make('encrypter')
#7 C:\\Users\\mique\\OneDrive\\Área de Trabalho\\GitHub\\ReciclaItapeWeb_Fatec\\vendor\\laravel\\framework\\src\\Illuminate\\Container\\Container.php(879): Illuminate\\Container\\Container->resolveClass(Object(ReflectionParameter))
#8 C:\\Users\\mique\\OneDrive\\Área de Trabalho\\GitHub\\ReciclaItapeWeb_Fatec\\vendor\\laravel\\framework\\src\\Illuminate\\Container\\Container.php(840): Illuminate\\Container\\Container->resolveDependencies(Array)
#9 C:\\Users\\mique\\OneDrive\\Área de Trabalho\\GitHub\\ReciclaItapeWeb_Fatec\\vendor\\laravel\\framework\\src\\Illuminate\\Container\\Container.php(691): Illuminate\\Container\\Container->build('App\\\\Http\\\\Middle...')
#10 C:\\Users\\mique\\OneDrive\\Área de Trabalho\\GitHub\\ReciclaItapeWeb_Fatec\\vendor\\laravel\\framework\\src\\Illuminate\\Foundation\\Application.php(796): Illuminate\\Container\\Container->resolve('App\\\\Http\\\\Middle...', Array, true)
#11 C:\\Users\\mique\\OneDrive\\Área de Trabalho\\GitHub\\ReciclaItapeWeb_Fatec\\vendor\\laravel\\framework\\src\\Illuminate\\Container\\Container.php(637): Illuminate\\Foundation\\Application->resolve('App\\\\Http\\\\Middle...', Array)
#12 C:\\Users\\mique\\OneDrive\\Área de Trabalho\\GitHub\\ReciclaItapeWeb_Fatec\\vendor\\laravel\\framework\\src\\Illuminate\\Foundation\\Application.php(781): Illuminate\\Container\\Container->make('App\\\\Http\\\\Middle...', Array)
#13 C:\\Users\\mique\\OneDrive\\Área de Trabalho\\GitHub\\ReciclaItapeWeb_Fatec\\vendor\\laravel\\framework\\src\\Illuminate\\Foundation\\Http\\Kernel.php(204): Illuminate\\Foundation\\Application->make('App\\\\Http\\\\Middle...')
#14 C:\\Users\\mique\\OneDrive\\Área de Trabalho\\GitHub\\ReciclaItapeWeb_Fatec\\vendor\\laravel\\framework\\src\\Illuminate\\Foundation\\Http\\Kernel.php(178): Illuminate\\Foundation\\Http\\Kernel->terminateMiddleware(Object(Illuminate\\Http\\Request), Object(Illuminate\\Http\\Response))
#15 C:\\Users\\mique\\OneDrive\\Área de Trabalho\\GitHub\\ReciclaItapeWeb_Fatec\\public\\index.php(60): Illuminate\\Foundation\\Http\\Kernel->terminate(Object(Illuminate\\Http\\Request), Object(Illuminate\\Http\\Response))
#16 C:\\Users\\mique\\OneDrive\\Área de Trabalho\\GitHub\\ReciclaItapeWeb_Fatec\\server.php(21): require_once('C:\\\\Users\\\\mique\\\\...')
#17 {main}
"} 
[2021-05-06 18:39:53] local.ERROR: The only supported ciphers are AES-128-CBC and AES-256-CBC with the correct key lengths. {"exception":"[object] (RuntimeException(code: 0): The only supported ciphers are AES-128-CBC and AES-256-CBC with the correct key lengths. at C:\\Users\\mique\\OneDrive\\Área de Trabalho\\GitHub\\ReciclaItapeWeb_Fatec\\vendor\\laravel\\framework\\src\\Illuminate\\Encryption\\Encrypter.php:43)
[stacktrace]
#0 C:\\Users\\mique\\OneDrive\\Área de Trabalho\\GitHub\\ReciclaItapeWeb_Fatec\\vendor\\laravel\\framework\\src\\Illuminate\\Encryption\\EncryptionServiceProvider.php(33): Illuminate\\Encryption\\Encrypter->__construct('\\xF9\\xA1\\x12'V1/\\xC6&\\x17\\x0F[\\xC73\\x98...', 'AES-256-CBC')
#1 C:\\Users\\mique\\OneDrive\\Área de Trabalho\\GitHub\\ReciclaItapeWeb_Fatec\\vendor\\laravel\\framework\\src\\Illuminate\\Container\\Container.php(805): Illuminate\\Encryption\\EncryptionServiceProvider->Illuminate\\Encryption\\{closure}(Object(Illuminate\\Foundation\\Application), Array)
#2 C:\\Users\\mique\\OneDrive\\Área de Trabalho\\GitHub\\ReciclaItapeWeb_Fatec\\vendor\\laravel\\framework\\src\\Illuminate\\Container\\Container.php(691): Illuminate\\Container\\Container->build(Object(Closure))
#3 C:\\Users\\mique\\OneDrive\\Área de Trabalho\\GitHub\\ReciclaItapeWeb_Fatec\\vendor\\laravel\\framework\\src\\Illuminate\\Foundation\\Application.php(796): Illuminate\\Container\\Container->resolve('encrypter', Array, true)
#4 C:\\Users\\mique\\OneDrive\\Área de Trabalho\\GitHub\\ReciclaItapeWeb_Fatec\\vendor\\laravel\\framework\\src\\Illuminate\\Container\\Container.php(637): Illuminate\\Foundation\\Application->resolve('encrypter', Array)
#5 C:\\Users\\mique\\OneDrive\\Área de Trabalho\\GitHub\\ReciclaItapeWeb_Fatec\\vendor\\laravel\\framework\\src\\Illuminate\\Foundation\\Application.php(781): Illuminate\\Container\\Container->make('encrypter', Array)
#6 C:\\Users\\mique\\OneDrive\\Área de Trabalho\\GitHub\\ReciclaItapeWeb_Fatec\\vendor\\laravel\\framework\\src\\Illuminate\\Container\\Container.php(959): Illuminate\\Foundation\\Application->make('encrypter')
#7 C:\\Users\\mique\\OneDrive\\Área de Trabalho\\GitHub\\ReciclaItapeWeb_Fatec\\vendor\\laravel\\framework\\src\\Illuminate\\Container\\Container.php(879): Illuminate\\Container\\Container->resolveClass(Object(ReflectionParameter))
#8 C:\\Users\\mique\\OneDrive\\Área de Trabalho\\GitHub\\ReciclaItapeWeb_Fatec\\vendor\\laravel\\framework\\src\\Illuminate\\Container\\Container.php(840): Illuminate\\Container\\Container->resolveDependencies(Array)
#9 C:\\Users\\mique\\OneDrive\\Área de Trabalho\\GitHub\\ReciclaItapeWeb_Fatec\\vendor\\laravel\\framework\\src\\Illuminate\\Container\\Container.php(691): Illuminate\\Container\\Container->build('App\\\\Http\\\\Middle...')
#10 C:\\Users\\mique\\OneDrive\\Área de Trabalho\\GitHub\\ReciclaItapeWeb_Fatec\\vendor\\laravel\\framework\\src\\Illuminate\\Foundation\\Application.php(796): Illuminate\\Container\\Container->resolve('App\\\\Http\\\\Middle...', Array, true)
#11 C:\\Users\\mique\\OneDrive\\Área de Trabalho\\GitHub\\ReciclaItapeWeb_Fatec\\vendor\\laravel\\framework\\src\\Illuminate\\Container\\Container.php(637): Illuminate\\Foundation\\Application->resolve('App\\\\Http\\\\Middle...', Array)
#12 C:\\Users\\mique\\OneDrive\\Área de Trabalho\\GitHub\\ReciclaItapeWeb_Fatec\\vendor\\laravel\\framework\\src\\Illuminate\\Foundation\\Application.php(781): Illuminate\\Container\\Container->make('App\\\\Http\\\\Middle...', Array)
#13 C:\\Users\\mique\\OneDrive\\Área de Trabalho\\GitHub\\ReciclaItapeWeb_Fatec\\vendor\\laravel\\framework\\src\\Illuminate\\Pipeline\\Pipeline.php(156): Illuminate\\Foundation\\Application->make('App\\\\Http\\\\Middle...')
#14 C:\\Users\\mique\\OneDrive\\Área de Trabalho\\GitHub\\ReciclaItapeWeb_Fatec\\vendor\\laravel\\framework\\src\\Illuminate\\Pipeline\\Pipeline.php(103): Illuminate\\Pipeline\\Pipeline->Illuminate\\Pipeline\\{closure}(Object(Illuminate\\Http\\Request))
#15 C:\\Users\\mique\\OneDrive\\Área de Trabalho\\GitHub\\ReciclaItapeWeb_Fatec\\vendor\\laravel\\framework\\src\\Illuminate\\Routing\\Router.php(687): Illuminate\\Pipeline\\Pipeline->then(Object(Closure))
#16 C:\\Users\\mique\\OneDrive\\Área de Trabalho\\GitHub\\ReciclaItapeWeb_Fatec\\vendor\\laravel\\framework\\src\\Illuminate\\Routing\\Router.php(662): Illuminate\\Routing\\Router->runRouteWithinStack(Object(Illuminate\\Routing\\Route), Object(Illuminate\\Http\\Request))
#17 C:\\Users\\mique\\OneDrive\\Área de Trabalho\\GitHub\\ReciclaItapeWeb_Fatec\\vendor\\laravel\\framework\\src\\Illuminate\\Routing\\Router.php(628): Illuminate\\Routing\\Router->runRoute(Object(Illuminate\\Http\\Request), Object(Illuminate\\Routing\\Route))
#18 C:\\Users\\mique\\OneDrive\\Área de Trabalho\\GitHub\\ReciclaItapeWeb_Fatec\\vendor\\laravel\\framework\\src\\Illuminate\\Routing\\Router.php(617): Illuminate\\Routing\\Router->dispatchToRoute(Object(Illuminate\\Http\\Request))
#19 C:\\Users\\mique\\OneDrive\\Área de Trabalho\\GitHub\\ReciclaItapeWeb_Fatec\\vendor\\laravel\\framework\\src\\Illuminate\\Foundation\\Http\\Kernel.php(165): Illuminate\\Routing\\Router->dispatch(Object(Illuminate\\Http\\Request))
#20 C:\\Users\\mique\\OneDrive\\Área de Trabalho\\GitHub\\ReciclaItapeWeb_Fatec\\vendor\\laravel\\framework\\src\\Illuminate\\Pipeline\\Pipeline.php(128): Illuminate\\Foundation\\Http\\Kernel->Illuminate\\Foundation\\Http\\{closure}(Object(Illuminate\\Http\\Request))
#21 C:\\Users\\mique\\OneDrive\\Área de Trabalho\\GitHub\\ReciclaItapeWeb_Fatec\\vendor\\laravel\\framework\\src\\Illuminate\\Foundation\\Http\\Middleware\\TransformsRequest.php(21): Illuminate\\Pipeline\\Pipeline->Illuminate\\Pipeline\\{closure}(Object(Illuminate\\Http\\Request))
#22 C:\\Users\\mique\\OneDrive\\Área de Trabalho\\GitHub\\ReciclaItapeWeb_Fatec\\vendor\\laravel\\framework\\src\\Illuminate\\Pipeline\\Pipeline.php(167): Illuminate\\Foundation\\Http\\Middleware\\TransformsRequest->handle(Object(Illuminate\\Http\\Request), Object(Closure))
#23 C:\\Users\\mique\\OneDrive\\Área de Trabalho\\GitHub\\ReciclaItapeWeb_Fatec\\vendor\\laravel\\framework\\src\\Illuminate\\Foundation\\Http\\Middleware\\TransformsRequest.php(21): Illuminate\\Pipeline\\Pipeline->Illuminate\\Pipeline\\{closure}(Object(Illuminate\\Http\\Request))
#24 C:\\Users\\mique\\OneDrive\\Área de Trabalho\\GitHub\\ReciclaItapeWeb_Fatec\\vendor\\laravel\\framework\\src\\Illuminate\\Pipeline\\Pipeline.php(167): Illuminate\\Foundation\\Http\\Middleware\\TransformsRequest->handle(Object(Illuminate\\Http\\Request), Object(Closure))
#25 C:\\Users\\mique\\OneDrive\\Área de Trabalho\\GitHub\\ReciclaItapeWeb_Fatec\\vendor\\laravel\\framework\\src\\Illuminate\\Foundation\\Http\\Middleware\\ValidatePostSize.php(27): Illuminate\\Pipeline\\Pipeline->Illuminate\\Pipeline\\{closure}(Object(Illuminate\\Http\\Request))
#26 C:\\Users\\mique\\OneDrive\\Área de Trabalho\\GitHub\\ReciclaItapeWeb_Fatec\\vendor\\laravel\\framework\\src\\Illuminate\\Pipeline\\Pipeline.php(167): Illuminate\\Foundation\\Http\\Middleware\\ValidatePostSize->handle(Object(Illuminate\\Http\\Request), Object(Closure))
#27 C:\\Users\\mique\\OneDrive\\Área de Trabalho\\GitHub\\ReciclaItapeWeb_Fatec\\vendor\\laravel\\framework\\src\\Illuminate\\Foundation\\Http\\Middleware\\CheckForMaintenanceMode.php(63): Illuminate\\Pipeline\\Pipeline->Illuminate\\Pipeline\\{closure}(Object(Illuminate\\Http\\Request))
#28 C:\\Users\\mique\\OneDrive\\Área de Trabalho\\GitHub\\ReciclaItapeWeb_Fatec\\vendor\\laravel\\framework\\src\\Illuminate\\Pipeline\\Pipeline.php(167): Illuminate\\Foundation\\Http\\Middleware\\CheckForMaintenanceMode->handle(Object(Illuminate\\Http\\Request), Object(Closure))
#29 C:\\Users\\mique\\OneDrive\\Área de Trabalho\\GitHub\\ReciclaItapeWeb_Fatec\\vendor\\fruitcake\\laravel-cors\\src\\HandleCors.php(38): Illuminate\\Pipeline\\Pipeline->Illuminate\\Pipeline\\{closure}(Object(Illuminate\\Http\\Request))
#30 C:\\Users\\mique\\OneDrive\\Área de Trabalho\\GitHub\\ReciclaItapeWeb_Fatec\\vendor\\laravel\\framework\\src\\Illuminate\\Pipeline\\Pipeline.php(167): Fruitcake\\Cors\\HandleCors->handle(Object(Illuminate\\Http\\Request), Object(Closure))
#31 C:\\Users\\mique\\OneDrive\\Área de Trabalho\\GitHub\\ReciclaItapeWeb_Fatec\\vendor\\fideloper\\proxy\\src\\TrustProxies.php(57): Illuminate\\Pipeline\\Pipeline->Illuminate\\Pipeline\\{closure}(Object(Illuminate\\Http\\Request))
#32 C:\\Users\\mique\\OneDrive\\Área de Trabalho\\GitHub\\ReciclaItapeWeb_Fatec\\vendor\\laravel\\framework\\src\\Illuminate\\Pipeline\\Pipeline.php(167): Fideloper\\Proxy\\TrustProxies->handle(Object(Illuminate\\Http\\Request), Object(Closure))
#33 C:\\Users\\mique\\OneDrive\\Área de Trabalho\\GitHub\\ReciclaItapeWeb_Fatec\\vendor\\laravel\\framework\\src\\Illuminate\\Pipeline\\Pipeline.php(103): Illuminate\\Pipeline\\Pipeline->Illuminate\\Pipeline\\{closure}(Object(Illuminate\\Http\\Request))
#34 C:\\Users\\mique\\OneDrive\\Área de Trabalho\\GitHub\\ReciclaItapeWeb_Fatec\\vendor\\laravel\\framework\\src\\Illuminate\\Foundation\\Http\\Kernel.php(140): Illuminate\\Pipeline\\Pipeline->then(Object(Closure))
#35 C:\\Users\\mique\\OneDrive\\Área de Trabalho\\GitHub\\ReciclaItapeWeb_Fatec\\vendor\\laravel\\framework\\src\\Illuminate\\Foundation\\Http\\Kernel.php(109): Illuminate\\Foundation\\Http\\Kernel->sendRequestThroughRouter(Object(Illuminate\\Http\\Request))
#36 C:\\Users\\mique\\OneDrive\\Área de Trabalho\\GitHub\\ReciclaItapeWeb_Fatec\\public\\index.php(55): Illuminate\\Foundation\\Http\\Kernel->handle(Object(Illuminate\\Http\\Request))
#37 C:\\Users\\mique\\OneDrive\\Área de Trabalho\\GitHub\\ReciclaItapeWeb_Fatec\\server.php(21): require_once('C:\\\\Users\\\\mique\\\\...')
#38 {main}
"} 
[2021-05-06 18:39:53] local.ERROR: The only supported ciphers are AES-128-CBC and AES-256-CBC with the correct key lengths. {"exception":"[object] (RuntimeException(code: 0): The only supported ciphers are AES-128-CBC and AES-256-CBC with the correct key lengths. at C:\\Users\\mique\\OneDrive\\Área de Trabalho\\GitHub\\ReciclaItapeWeb_Fatec\\vendor\\laravel\\framework\\src\\Illuminate\\Encryption\\Encrypter.php:43)
[stacktrace]
#0 C:\\Users\\mique\\OneDrive\\Área de Trabalho\\GitHub\\ReciclaItapeWeb_Fatec\\vendor\\laravel\\framework\\src\\Illuminate\\Encryption\\EncryptionServiceProvider.php(33): Illuminate\\Encryption\\Encrypter->__construct('\\xF9\\xA1\\x12'V1/\\xC6&\\x17\\x0F[\\xC73\\x98...', 'AES-256-CBC')
#1 C:\\Users\\mique\\OneDrive\\Área de Trabalho\\GitHub\\ReciclaItapeWeb_Fatec\\vendor\\laravel\\framework\\src\\Illuminate\\Container\\Container.php(805): Illuminate\\Encryption\\EncryptionServiceProvider->Illuminate\\Encryption\\{closure}(Object(Illuminate\\Foundation\\Application), Array)
#2 C:\\Users\\mique\\OneDrive\\Área de Trabalho\\GitHub\\ReciclaItapeWeb_Fatec\\vendor\\laravel\\framework\\src\\Illuminate\\Container\\Container.php(691): Illuminate\\Container\\Container->build(Object(Closure))
#3 C:\\Users\\mique\\OneDrive\\Área de Trabalho\\GitHub\\ReciclaItapeWeb_Fatec\\vendor\\laravel\\framework\\src\\Illuminate\\Foundation\\Application.php(796): Illuminate\\Container\\Container->resolve('encrypter', Array, true)
#4 C:\\Users\\mique\\OneDrive\\Área de Trabalho\\GitHub\\ReciclaItapeWeb_Fatec\\vendor\\laravel\\framework\\src\\Illuminate\\Container\\Container.php(637): Illuminate\\Foundation\\Application->resolve('encrypter', Array)
#5 C:\\Users\\mique\\OneDrive\\Área de Trabalho\\GitHub\\ReciclaItapeWeb_Fatec\\vendor\\laravel\\framework\\src\\Illuminate\\Foundation\\Application.php(781): Illuminate\\Container\\Container->make('encrypter', Array)
#6 C:\\Users\\mique\\OneDrive\\Área de Trabalho\\GitHub\\ReciclaItapeWeb_Fatec\\vendor\\laravel\\framework\\src\\Illuminate\\Container\\Container.php(959): Illuminate\\Foundation\\Application->make('encrypter')
#7 C:\\Users\\mique\\OneDrive\\Área de Trabalho\\GitHub\\ReciclaItapeWeb_Fatec\\vendor\\laravel\\framework\\src\\Illuminate\\Container\\Container.php(879): Illuminate\\Container\\Container->resolveClass(Object(ReflectionParameter))
#8 C:\\Users\\mique\\OneDrive\\Área de Trabalho\\GitHub\\ReciclaItapeWeb_Fatec\\vendor\\laravel\\framework\\src\\Illuminate\\Container\\Container.php(840): Illuminate\\Container\\Container->resolveDependencies(Array)
#9 C:\\Users\\mique\\OneDrive\\Área de Trabalho\\GitHub\\ReciclaItapeWeb_Fatec\\vendor\\laravel\\framework\\src\\Illuminate\\Container\\Container.php(691): Illuminate\\Container\\Container->build('App\\\\Http\\\\Middle...')
#10 C:\\Users\\mique\\OneDrive\\Área de Trabalho\\GitHub\\ReciclaItapeWeb_Fatec\\vendor\\laravel\\framework\\src\\Illuminate\\Foundation\\Application.php(796): Illuminate\\Container\\Container->resolve('App\\\\Http\\\\Middle...', Array, true)
#11 C:\\Users\\mique\\OneDrive\\Área de Trabalho\\GitHub\\ReciclaItapeWeb_Fatec\\vendor\\laravel\\framework\\src\\Illuminate\\Container\\Container.php(637): Illuminate\\Foundation\\Application->resolve('App\\\\Http\\\\Middle...', Array)
#12 C:\\Users\\mique\\OneDrive\\Área de Trabalho\\GitHub\\ReciclaItapeWeb_Fatec\\vendor\\laravel\\framework\\src\\Illuminate\\Foundation\\Application.php(781): Illuminate\\Container\\Container->make('App\\\\Http\\\\Middle...', Array)
#13 C:\\Users\\mique\\OneDrive\\Área de Trabalho\\GitHub\\ReciclaItapeWeb_Fatec\\vendor\\laravel\\framework\\src\\Illuminate\\Foundation\\Http\\Kernel.php(204): Illuminate\\Foundation\\Application->make('App\\\\Http\\\\Middle...')
#14 C:\\Users\\mique\\OneDrive\\Área de Trabalho\\GitHub\\ReciclaItapeWeb_Fatec\\vendor\\laravel\\framework\\src\\Illuminate\\Foundation\\Http\\Kernel.php(178): Illuminate\\Foundation\\Http\\Kernel->terminateMiddleware(Object(Illuminate\\Http\\Request), Object(Illuminate\\Http\\Response))
#15 C:\\Users\\mique\\OneDrive\\Área de Trabalho\\GitHub\\ReciclaItapeWeb_Fatec\\public\\index.php(60): Illuminate\\Foundation\\Http\\Kernel->terminate(Object(Illuminate\\Http\\Request), Object(Illuminate\\Http\\Response))
#16 C:\\Users\\mique\\OneDrive\\Área de Trabalho\\GitHub\\ReciclaItapeWeb_Fatec\\server.php(21): require_once('C:\\\\Users\\\\mique\\\\...')
#17 {main}
"} 
[2021-05-06 18:39:54] local.ERROR: The only supported ciphers are AES-128-CBC and AES-256-CBC with the correct key lengths. {"exception":"[object] (RuntimeException(code: 0): The only supported ciphers are AES-128-CBC and AES-256-CBC with the correct key lengths. at C:\\Users\\mique\\OneDrive\\Área de Trabalho\\GitHub\\ReciclaItapeWeb_Fatec\\vendor\\laravel\\framework\\src\\Illuminate\\Encryption\\Encrypter.php:43)
[stacktrace]
#0 C:\\Users\\mique\\OneDrive\\Área de Trabalho\\GitHub\\ReciclaItapeWeb_Fatec\\vendor\\laravel\\framework\\src\\Illuminate\\Encryption\\EncryptionServiceProvider.php(33): Illuminate\\Encryption\\Encrypter->__construct('\\xF9\\xA1\\x12'V1/\\xC6&\\x17\\x0F[\\xC73\\x98...', 'AES-256-CBC')
#1 C:\\Users\\mique\\OneDrive\\Área de Trabalho\\GitHub\\ReciclaItapeWeb_Fatec\\vendor\\laravel\\framework\\src\\Illuminate\\Container\\Container.php(805): Illuminate\\Encryption\\EncryptionServiceProvider->Illuminate\\Encryption\\{closure}(Object(Illuminate\\Foundation\\Application), Array)
#2 C:\\Users\\mique\\OneDrive\\Área de Trabalho\\GitHub\\ReciclaItapeWeb_Fatec\\vendor\\laravel\\framework\\src\\Illuminate\\Container\\Container.php(691): Illuminate\\Container\\Container->build(Object(Closure))
#3 C:\\Users\\mique\\OneDrive\\Área de Trabalho\\GitHub\\ReciclaItapeWeb_Fatec\\vendor\\laravel\\framework\\src\\Illuminate\\Foundation\\Application.php(796): Illuminate\\Container\\Container->resolve('encrypter', Array, true)
#4 C:\\Users\\mique\\OneDrive\\Área de Trabalho\\GitHub\\ReciclaItapeWeb_Fatec\\vendor\\laravel\\framework\\src\\Illuminate\\Container\\Container.php(637): Illuminate\\Foundation\\Application->resolve('encrypter', Array)
#5 C:\\Users\\mique\\OneDrive\\Área de Trabalho\\GitHub\\ReciclaItapeWeb_Fatec\\vendor\\laravel\\framework\\src\\Illuminate\\Foundation\\Application.php(781): Illuminate\\Container\\Container->make('encrypter', Array)
#6 C:\\Users\\mique\\OneDrive\\Área de Trabalho\\GitHub\\ReciclaItapeWeb_Fatec\\vendor\\laravel\\framework\\src\\Illuminate\\Container\\Container.php(959): Illuminate\\Foundation\\Application->make('encrypter')
#7 C:\\Users\\mique\\OneDrive\\Área de Trabalho\\GitHub\\ReciclaItapeWeb_Fatec\\vendor\\laravel\\framework\\src\\Illuminate\\Container\\Container.php(879): Illuminate\\Container\\Container->resolveClass(Object(ReflectionParameter))
#8 C:\\Users\\mique\\OneDrive\\Área de Trabalho\\GitHub\\ReciclaItapeWeb_Fatec\\vendor\\laravel\\framework\\src\\Illuminate\\Container\\Container.php(840): Illuminate\\Container\\Container->resolveDependencies(Array)
#9 C:\\Users\\mique\\OneDrive\\Área de Trabalho\\GitHub\\ReciclaItapeWeb_Fatec\\vendor\\laravel\\framework\\src\\Illuminate\\Container\\Container.php(691): Illuminate\\Container\\Container->build('App\\\\Http\\\\Middle...')
#10 C:\\Users\\mique\\OneDrive\\Área de Trabalho\\GitHub\\ReciclaItapeWeb_Fatec\\vendor\\laravel\\framework\\src\\Illuminate\\Foundation\\Application.php(796): Illuminate\\Container\\Container->resolve('App\\\\Http\\\\Middle...', Array, true)
#11 C:\\Users\\mique\\OneDrive\\Área de Trabalho\\GitHub\\ReciclaItapeWeb_Fatec\\vendor\\laravel\\framework\\src\\Illuminate\\Container\\Container.php(637): Illuminate\\Foundation\\Application->resolve('App\\\\Http\\\\Middle...', Array)
#12 C:\\Users\\mique\\OneDrive\\Área de Trabalho\\GitHub\\ReciclaItapeWeb_Fatec\\vendor\\laravel\\framework\\src\\Illuminate\\Foundation\\Application.php(781): Illuminate\\Container\\Container->make('App\\\\Http\\\\Middle...', Array)
#13 C:\\Users\\mique\\OneDrive\\Área de Trabalho\\GitHub\\ReciclaItapeWeb_Fatec\\vendor\\laravel\\framework\\src\\Illuminate\\Pipeline\\Pipeline.php(156): Illuminate\\Foundation\\Application->make('App\\\\Http\\\\Middle...')
#14 C:\\Users\\mique\\OneDrive\\Área de Trabalho\\GitHub\\ReciclaItapeWeb_Fatec\\vendor\\laravel\\framework\\src\\Illuminate\\Pipeline\\Pipeline.php(103): Illuminate\\Pipeline\\Pipeline->Illuminate\\Pipeline\\{closure}(Object(Illuminate\\Http\\Request))
#15 C:\\Users\\mique\\OneDrive\\Área de Trabalho\\GitHub\\ReciclaItapeWeb_Fatec\\vendor\\laravel\\framework\\src\\Illuminate\\Routing\\Router.php(687): Illuminate\\Pipeline\\Pipeline->then(Object(Closure))
#16 C:\\Users\\mique\\OneDrive\\Área de Trabalho\\GitHub\\ReciclaItapeWeb_Fatec\\vendor\\laravel\\framework\\src\\Illuminate\\Routing\\Router.php(662): Illuminate\\Routing\\Router->runRouteWithinStack(Object(Illuminate\\Routing\\Route), Object(Illuminate\\Http\\Request))
#17 C:\\Users\\mique\\OneDrive\\Área de Trabalho\\GitHub\\ReciclaItapeWeb_Fatec\\vendor\\laravel\\framework\\src\\Illuminate\\Routing\\Router.php(628): Illuminate\\Routing\\Router->runRoute(Object(Illuminate\\Http\\Request), Object(Illuminate\\Routing\\Route))
#18 C:\\Users\\mique\\OneDrive\\Área de Trabalho\\GitHub\\ReciclaItapeWeb_Fatec\\vendor\\laravel\\framework\\src\\Illuminate\\Routing\\Router.php(617): Illuminate\\Routing\\Router->dispatchToRoute(Object(Illuminate\\Http\\Request))
#19 C:\\Users\\mique\\OneDrive\\Área de Trabalho\\GitHub\\ReciclaItapeWeb_Fatec\\vendor\\laravel\\framework\\src\\Illuminate\\Foundation\\Http\\Kernel.php(165): Illuminate\\Routing\\Router->dispatch(Object(Illuminate\\Http\\Request))
#20 C:\\Users\\mique\\OneDrive\\Área de Trabalho\\GitHub\\ReciclaItapeWeb_Fatec\\vendor\\laravel\\framework\\src\\Illuminate\\Pipeline\\Pipeline.php(128): Illuminate\\Foundation\\Http\\Kernel->Illuminate\\Foundation\\Http\\{closure}(Object(Illuminate\\Http\\Request))
#21 C:\\Users\\mique\\OneDrive\\Área de Trabalho\\GitHub\\ReciclaItapeWeb_Fatec\\vendor\\laravel\\framework\\src\\Illuminate\\Foundation\\Http\\Middleware\\TransformsRequest.php(21): Illuminate\\Pipeline\\Pipeline->Illuminate\\Pipeline\\{closure}(Object(Illuminate\\Http\\Request))
#22 C:\\Users\\mique\\OneDrive\\Área de Trabalho\\GitHub\\ReciclaItapeWeb_Fatec\\vendor\\laravel\\framework\\src\\Illuminate\\Pipeline\\Pipeline.php(167): Illuminate\\Foundation\\Http\\Middleware\\TransformsRequest->handle(Object(Illuminate\\Http\\Request), Object(Closure))
#23 C:\\Users\\mique\\OneDrive\\Área de Trabalho\\GitHub\\ReciclaItapeWeb_Fatec\\vendor\\laravel\\framework\\src\\Illuminate\\Foundation\\Http\\Middleware\\TransformsRequest.php(21): Illuminate\\Pipeline\\Pipeline->Illuminate\\Pipeline\\{closure}(Object(Illuminate\\Http\\Request))
#24 C:\\Users\\mique\\OneDrive\\Área de Trabalho\\GitHub\\ReciclaItapeWeb_Fatec\\vendor\\laravel\\framework\\src\\Illuminate\\Pipeline\\Pipeline.php(167): Illuminate\\Foundation\\Http\\Middleware\\TransformsRequest->handle(Object(Illuminate\\Http\\Request), Object(Closure))
#25 C:\\Users\\mique\\OneDrive\\Área de Trabalho\\GitHub\\ReciclaItapeWeb_Fatec\\vendor\\laravel\\framework\\src\\Illuminate\\Foundation\\Http\\Middleware\\ValidatePostSize.php(27): Illuminate\\Pipeline\\Pipeline->Illuminate\\Pipeline\\{closure}(Object(Illuminate\\Http\\Request))
#26 C:\\Users\\mique\\OneDrive\\Área de Trabalho\\GitHub\\ReciclaItapeWeb_Fatec\\vendor\\laravel\\framework\\src\\Illuminate\\Pipeline\\Pipeline.php(167): Illuminate\\Foundation\\Http\\Middleware\\ValidatePostSize->handle(Object(Illuminate\\Http\\Request), Object(Closure))
#27 C:\\Users\\mique\\OneDrive\\Área de Trabalho\\GitHub\\ReciclaItapeWeb_Fatec\\vendor\\laravel\\framework\\src\\Illuminate\\Foundation\\Http\\Middleware\\CheckForMaintenanceMode.php(63): Illuminate\\Pipeline\\Pipeline->Illuminate\\Pipeline\\{closure}(Object(Illuminate\\Http\\Request))
#28 C:\\Users\\mique\\OneDrive\\Área de Trabalho\\GitHub\\ReciclaItapeWeb_Fatec\\vendor\\laravel\\framework\\src\\Illuminate\\Pipeline\\Pipeline.php(167): Illuminate\\Foundation\\Http\\Middleware\\CheckForMaintenanceMode->handle(Object(Illuminate\\Http\\Request), Object(Closure))
#29 C:\\Users\\mique\\OneDrive\\Área de Trabalho\\GitHub\\ReciclaItapeWeb_Fatec\\vendor\\fruitcake\\laravel-cors\\src\\HandleCors.php(38): Illuminate\\Pipeline\\Pipeline->Illuminate\\Pipeline\\{closure}(Object(Illuminate\\Http\\Request))
#30 C:\\Users\\mique\\OneDrive\\Área de Trabalho\\GitHub\\ReciclaItapeWeb_Fatec\\vendor\\laravel\\framework\\src\\Illuminate\\Pipeline\\Pipeline.php(167): Fruitcake\\Cors\\HandleCors->handle(Object(Illuminate\\Http\\Request), Object(Closure))
#31 C:\\Users\\mique\\OneDrive\\Área de Trabalho\\GitHub\\ReciclaItapeWeb_Fatec\\vendor\\fideloper\\proxy\\src\\TrustProxies.php(57): Illuminate\\Pipeline\\Pipeline->Illuminate\\Pipeline\\{closure}(Object(Illuminate\\Http\\Request))
#32 C:\\Users\\mique\\OneDrive\\Área de Trabalho\\GitHub\\ReciclaItapeWeb_Fatec\\vendor\\laravel\\framework\\src\\Illuminate\\Pipeline\\Pipeline.php(167): Fideloper\\Proxy\\TrustProxies->handle(Object(Illuminate\\Http\\Request), Object(Closure))
#33 C:\\Users\\mique\\OneDrive\\Área de Trabalho\\GitHub\\ReciclaItapeWeb_Fatec\\vendor\\laravel\\framework\\src\\Illuminate\\Pipeline\\Pipeline.php(103): Illuminate\\Pipeline\\Pipeline->Illuminate\\Pipeline\\{closure}(Object(Illuminate\\Http\\Request))
#34 C:\\Users\\mique\\OneDrive\\Área de Trabalho\\GitHub\\ReciclaItapeWeb_Fatec\\vendor\\laravel\\framework\\src\\Illuminate\\Foundation\\Http\\Kernel.php(140): Illuminate\\Pipeline\\Pipeline->then(Object(Closure))
#35 C:\\Users\\mique\\OneDrive\\Área de Trabalho\\GitHub\\ReciclaItapeWeb_Fatec\\vendor\\laravel\\framework\\src\\Illuminate\\Foundation\\Http\\Kernel.php(109): Illuminate\\Foundation\\Http\\Kernel->sendRequestThroughRouter(Object(Illuminate\\Http\\Request))
#36 C:\\Users\\mique\\OneDrive\\Área de Trabalho\\GitHub\\ReciclaItapeWeb_Fatec\\public\\index.php(55): Illuminate\\Foundation\\Http\\Kernel->handle(Object(Illuminate\\Http\\Request))
#37 C:\\Users\\mique\\OneDrive\\Área de Trabalho\\GitHub\\ReciclaItapeWeb_Fatec\\server.php(21): require_once('C:\\\\Users\\\\mique\\\\...')
#38 {main}
"} 
[2021-05-06 18:39:54] local.ERROR: The only supported ciphers are AES-128-CBC and AES-256-CBC with the correct key lengths. {"exception":"[object] (RuntimeException(code: 0): The only supported ciphers are AES-128-CBC and AES-256-CBC with the correct key lengths. at C:\\Users\\mique\\OneDrive\\Área de Trabalho\\GitHub\\ReciclaItapeWeb_Fatec\\vendor\\laravel\\framework\\src\\Illuminate\\Encryption\\Encrypter.php:43)
[stacktrace]
#0 C:\\Users\\mique\\OneDrive\\Área de Trabalho\\GitHub\\ReciclaItapeWeb_Fatec\\vendor\\laravel\\framework\\src\\Illuminate\\Encryption\\EncryptionServiceProvider.php(33): Illuminate\\Encryption\\Encrypter->__construct('\\xF9\\xA1\\x12'V1/\\xC6&\\x17\\x0F[\\xC73\\x98...', 'AES-256-CBC')
#1 C:\\Users\\mique\\OneDrive\\Área de Trabalho\\GitHub\\ReciclaItapeWeb_Fatec\\vendor\\laravel\\framework\\src\\Illuminate\\Container\\Container.php(805): Illuminate\\Encryption\\EncryptionServiceProvider->Illuminate\\Encryption\\{closure}(Object(Illuminate\\Foundation\\Application), Array)
#2 C:\\Users\\mique\\OneDrive\\Área de Trabalho\\GitHub\\ReciclaItapeWeb_Fatec\\vendor\\laravel\\framework\\src\\Illuminate\\Container\\Container.php(691): Illuminate\\Container\\Container->build(Object(Closure))
#3 C:\\Users\\mique\\OneDrive\\Área de Trabalho\\GitHub\\ReciclaItapeWeb_Fatec\\vendor\\laravel\\framework\\src\\Illuminate\\Foundation\\Application.php(796): Illuminate\\Container\\Container->resolve('encrypter', Array, true)
#4 C:\\Users\\mique\\OneDrive\\Área de Trabalho\\GitHub\\ReciclaItapeWeb_Fatec\\vendor\\laravel\\framework\\src\\Illuminate\\Container\\Container.php(637): Illuminate\\Foundation\\Application->resolve('encrypter', Array)
#5 C:\\Users\\mique\\OneDrive\\Área de Trabalho\\GitHub\\ReciclaItapeWeb_Fatec\\vendor\\laravel\\framework\\src\\Illuminate\\Foundation\\Application.php(781): Illuminate\\Container\\Container->make('encrypter', Array)
#6 C:\\Users\\mique\\OneDrive\\Área de Trabalho\\GitHub\\ReciclaItapeWeb_Fatec\\vendor\\laravel\\framework\\src\\Illuminate\\Container\\Container.php(959): Illuminate\\Foundation\\Application->make('encrypter')
#7 C:\\Users\\mique\\OneDrive\\Área de Trabalho\\GitHub\\ReciclaItapeWeb_Fatec\\vendor\\laravel\\framework\\src\\Illuminate\\Container\\Container.php(879): Illuminate\\Container\\Container->resolveClass(Object(ReflectionParameter))
#8 C:\\Users\\mique\\OneDrive\\Área de Trabalho\\GitHub\\ReciclaItapeWeb_Fatec\\vendor\\laravel\\framework\\src\\Illuminate\\Container\\Container.php(840): Illuminate\\Container\\Container->resolveDependencies(Array)
#9 C:\\Users\\mique\\OneDrive\\Área de Trabalho\\GitHub\\ReciclaItapeWeb_Fatec\\vendor\\laravel\\framework\\src\\Illuminate\\Container\\Container.php(691): Illuminate\\Container\\Container->build('App\\\\Http\\\\Middle...')
#10 C:\\Users\\mique\\OneDrive\\Área de Trabalho\\GitHub\\ReciclaItapeWeb_Fatec\\vendor\\laravel\\framework\\src\\Illuminate\\Foundation\\Application.php(796): Illuminate\\Container\\Container->resolve('App\\\\Http\\\\Middle...', Array, true)
#11 C:\\Users\\mique\\OneDrive\\Área de Trabalho\\GitHub\\ReciclaItapeWeb_Fatec\\vendor\\laravel\\framework\\src\\Illuminate\\Container\\Container.php(637): Illuminate\\Foundation\\Application->resolve('App\\\\Http\\\\Middle...', Array)
#12 C:\\Users\\mique\\OneDrive\\Área de Trabalho\\GitHub\\ReciclaItapeWeb_Fatec\\vendor\\laravel\\framework\\src\\Illuminate\\Foundation\\Application.php(781): Illuminate\\Container\\Container->make('App\\\\Http\\\\Middle...', Array)
#13 C:\\Users\\mique\\OneDrive\\Área de Trabalho\\GitHub\\ReciclaItapeWeb_Fatec\\vendor\\laravel\\framework\\src\\Illuminate\\Foundation\\Http\\Kernel.php(204): Illuminate\\Foundation\\Application->make('App\\\\Http\\\\Middle...')
#14 C:\\Users\\mique\\OneDrive\\Área de Trabalho\\GitHub\\ReciclaItapeWeb_Fatec\\vendor\\laravel\\framework\\src\\Illuminate\\Foundation\\Http\\Kernel.php(178): Illuminate\\Foundation\\Http\\Kernel->terminateMiddleware(Object(Illuminate\\Http\\Request), Object(Illuminate\\Http\\Response))
#15 C:\\Users\\mique\\OneDrive\\Área de Trabalho\\GitHub\\ReciclaItapeWeb_Fatec\\public\\index.php(60): Illuminate\\Foundation\\Http\\Kernel->terminate(Object(Illuminate\\Http\\Request), Object(Illuminate\\Http\\Response))
#16 C:\\Users\\mique\\OneDrive\\Área de Trabalho\\GitHub\\ReciclaItapeWeb_Fatec\\server.php(21): require_once('C:\\\\Users\\\\mique\\\\...')
#17 {main}
"} 
[2021-05-06 18:40:21] local.ERROR: The only supported ciphers are AES-128-CBC and AES-256-CBC with the correct key lengths. {"exception":"[object] (RuntimeException(code: 0): The only supported ciphers are AES-128-CBC and AES-256-CBC with the correct key lengths. at C:\\Users\\mique\\OneDrive\\Área de Trabalho\\GitHub\\ReciclaItapeWeb_Fatec\\vendor\\laravel\\framework\\src\\Illuminate\\Encryption\\Encrypter.php:43)
[stacktrace]
#0 C:\\Users\\mique\\OneDrive\\Área de Trabalho\\GitHub\\ReciclaItapeWeb_Fatec\\vendor\\laravel\\framework\\src\\Illuminate\\Encryption\\EncryptionServiceProvider.php(33): Illuminate\\Encryption\\Encrypter->__construct('\\xF9\\xA1\\x12'V1/\\xC6&\\x17\\x0F[\\xC73\\x98...', 'AES-256-CBC')
#1 C:\\Users\\mique\\OneDrive\\Área de Trabalho\\GitHub\\ReciclaItapeWeb_Fatec\\vendor\\laravel\\framework\\src\\Illuminate\\Container\\Container.php(805): Illuminate\\Encryption\\EncryptionServiceProvider->Illuminate\\Encryption\\{closure}(Object(Illuminate\\Foundation\\Application), Array)
#2 C:\\Users\\mique\\OneDrive\\Área de Trabalho\\GitHub\\ReciclaItapeWeb_Fatec\\vendor\\laravel\\framework\\src\\Illuminate\\Container\\Container.php(691): Illuminate\\Container\\Container->build(Object(Closure))
#3 C:\\Users\\mique\\OneDrive\\Área de Trabalho\\GitHub\\ReciclaItapeWeb_Fatec\\vendor\\laravel\\framework\\src\\Illuminate\\Foundation\\Application.php(796): Illuminate\\Container\\Container->resolve('encrypter', Array, true)
#4 C:\\Users\\mique\\OneDrive\\Área de Trabalho\\GitHub\\ReciclaItapeWeb_Fatec\\vendor\\laravel\\framework\\src\\Illuminate\\Container\\Container.php(637): Illuminate\\Foundation\\Application->resolve('encrypter', Array)
#5 C:\\Users\\mique\\OneDrive\\Área de Trabalho\\GitHub\\ReciclaItapeWeb_Fatec\\vendor\\laravel\\framework\\src\\Illuminate\\Foundation\\Application.php(781): Illuminate\\Container\\Container->make('encrypter', Array)
#6 C:\\Users\\mique\\OneDrive\\Área de Trabalho\\GitHub\\ReciclaItapeWeb_Fatec\\vendor\\laravel\\framework\\src\\Illuminate\\Container\\Container.php(959): Illuminate\\Foundation\\Application->make('encrypter')
#7 C:\\Users\\mique\\OneDrive\\Área de Trabalho\\GitHub\\ReciclaItapeWeb_Fatec\\vendor\\laravel\\framework\\src\\Illuminate\\Container\\Container.php(879): Illuminate\\Container\\Container->resolveClass(Object(ReflectionParameter))
#8 C:\\Users\\mique\\OneDrive\\Área de Trabalho\\GitHub\\ReciclaItapeWeb_Fatec\\vendor\\laravel\\framework\\src\\Illuminate\\Container\\Container.php(840): Illuminate\\Container\\Container->resolveDependencies(Array)
#9 C:\\Users\\mique\\OneDrive\\Área de Trabalho\\GitHub\\ReciclaItapeWeb_Fatec\\vendor\\laravel\\framework\\src\\Illuminate\\Container\\Container.php(691): Illuminate\\Container\\Container->build('App\\\\Http\\\\Middle...')
#10 C:\\Users\\mique\\OneDrive\\Área de Trabalho\\GitHub\\ReciclaItapeWeb_Fatec\\vendor\\laravel\\framework\\src\\Illuminate\\Foundation\\Application.php(796): Illuminate\\Container\\Container->resolve('App\\\\Http\\\\Middle...', Array, true)
#11 C:\\Users\\mique\\OneDrive\\Área de Trabalho\\GitHub\\ReciclaItapeWeb_Fatec\\vendor\\laravel\\framework\\src\\Illuminate\\Container\\Container.php(637): Illuminate\\Foundation\\Application->resolve('App\\\\Http\\\\Middle...', Array)
#12 C:\\Users\\mique\\OneDrive\\Área de Trabalho\\GitHub\\ReciclaItapeWeb_Fatec\\vendor\\laravel\\framework\\src\\Illuminate\\Foundation\\Application.php(781): Illuminate\\Container\\Container->make('App\\\\Http\\\\Middle...', Array)
#13 C:\\Users\\mique\\OneDrive\\Área de Trabalho\\GitHub\\ReciclaItapeWeb_Fatec\\vendor\\laravel\\framework\\src\\Illuminate\\Pipeline\\Pipeline.php(156): Illuminate\\Foundation\\Application->make('App\\\\Http\\\\Middle...')
#14 C:\\Users\\mique\\OneDrive\\Área de Trabalho\\GitHub\\ReciclaItapeWeb_Fatec\\vendor\\laravel\\framework\\src\\Illuminate\\Pipeline\\Pipeline.php(103): Illuminate\\Pipeline\\Pipeline->Illuminate\\Pipeline\\{closure}(Object(Illuminate\\Http\\Request))
#15 C:\\Users\\mique\\OneDrive\\Área de Trabalho\\GitHub\\ReciclaItapeWeb_Fatec\\vendor\\laravel\\framework\\src\\Illuminate\\Routing\\Router.php(687): Illuminate\\Pipeline\\Pipeline->then(Object(Closure))
#16 C:\\Users\\mique\\OneDrive\\Área de Trabalho\\GitHub\\ReciclaItapeWeb_Fatec\\vendor\\laravel\\framework\\src\\Illuminate\\Routing\\Router.php(662): Illuminate\\Routing\\Router->runRouteWithinStack(Object(Illuminate\\Routing\\Route), Object(Illuminate\\Http\\Request))
#17 C:\\Users\\mique\\OneDrive\\Área de Trabalho\\GitHub\\ReciclaItapeWeb_Fatec\\vendor\\laravel\\framework\\src\\Illuminate\\Routing\\Router.php(628): Illuminate\\Routing\\Router->runRoute(Object(Illuminate\\Http\\Request), Object(Illuminate\\Routing\\Route))
#18 C:\\Users\\mique\\OneDrive\\Área de Trabalho\\GitHub\\ReciclaItapeWeb_Fatec\\vendor\\laravel\\framework\\src\\Illuminate\\Routing\\Router.php(617): Illuminate\\Routing\\Router->dispatchToRoute(Object(Illuminate\\Http\\Request))
#19 C:\\Users\\mique\\OneDrive\\Área de Trabalho\\GitHub\\ReciclaItapeWeb_Fatec\\vendor\\laravel\\framework\\src\\Illuminate\\Foundation\\Http\\Kernel.php(165): Illuminate\\Routing\\Router->dispatch(Object(Illuminate\\Http\\Request))
#20 C:\\Users\\mique\\OneDrive\\Área de Trabalho\\GitHub\\ReciclaItapeWeb_Fatec\\vendor\\laravel\\framework\\src\\Illuminate\\Pipeline\\Pipeline.php(128): Illuminate\\Foundation\\Http\\Kernel->Illuminate\\Foundation\\Http\\{closure}(Object(Illuminate\\Http\\Request))
#21 C:\\Users\\mique\\OneDrive\\Área de Trabalho\\GitHub\\ReciclaItapeWeb_Fatec\\vendor\\laravel\\framework\\src\\Illuminate\\Foundation\\Http\\Middleware\\TransformsRequest.php(21): Illuminate\\Pipeline\\Pipeline->Illuminate\\Pipeline\\{closure}(Object(Illuminate\\Http\\Request))
#22 C:\\Users\\mique\\OneDrive\\Área de Trabalho\\GitHub\\ReciclaItapeWeb_Fatec\\vendor\\laravel\\framework\\src\\Illuminate\\Pipeline\\Pipeline.php(167): Illuminate\\Foundation\\Http\\Middleware\\TransformsRequest->handle(Object(Illuminate\\Http\\Request), Object(Closure))
#23 C:\\Users\\mique\\OneDrive\\Área de Trabalho\\GitHub\\ReciclaItapeWeb_Fatec\\vendor\\laravel\\framework\\src\\Illuminate\\Foundation\\Http\\Middleware\\TransformsRequest.php(21): Illuminate\\Pipeline\\Pipeline->Illuminate\\Pipeline\\{closure}(Object(Illuminate\\Http\\Request))
#24 C:\\Users\\mique\\OneDrive\\Área de Trabalho\\GitHub\\ReciclaItapeWeb_Fatec\\vendor\\laravel\\framework\\src\\Illuminate\\Pipeline\\Pipeline.php(167): Illuminate\\Foundation\\Http\\Middleware\\TransformsRequest->handle(Object(Illuminate\\Http\\Request), Object(Closure))
#25 C:\\Users\\mique\\OneDrive\\Área de Trabalho\\GitHub\\ReciclaItapeWeb_Fatec\\vendor\\laravel\\framework\\src\\Illuminate\\Foundation\\Http\\Middleware\\ValidatePostSize.php(27): Illuminate\\Pipeline\\Pipeline->Illuminate\\Pipeline\\{closure}(Object(Illuminate\\Http\\Request))
#26 C:\\Users\\mique\\OneDrive\\Área de Trabalho\\GitHub\\ReciclaItapeWeb_Fatec\\vendor\\laravel\\framework\\src\\Illuminate\\Pipeline\\Pipeline.php(167): Illuminate\\Foundation\\Http\\Middleware\\ValidatePostSize->handle(Object(Illuminate\\Http\\Request), Object(Closure))
#27 C:\\Users\\mique\\OneDrive\\Área de Trabalho\\GitHub\\ReciclaItapeWeb_Fatec\\vendor\\laravel\\framework\\src\\Illuminate\\Foundation\\Http\\Middleware\\CheckForMaintenanceMode.php(63): Illuminate\\Pipeline\\Pipeline->Illuminate\\Pipeline\\{closure}(Object(Illuminate\\Http\\Request))
#28 C:\\Users\\mique\\OneDrive\\Área de Trabalho\\GitHub\\ReciclaItapeWeb_Fatec\\vendor\\laravel\\framework\\src\\Illuminate\\Pipeline\\Pipeline.php(167): Illuminate\\Foundation\\Http\\Middleware\\CheckForMaintenanceMode->handle(Object(Illuminate\\Http\\Request), Object(Closure))
#29 C:\\Users\\mique\\OneDrive\\Área de Trabalho\\GitHub\\ReciclaItapeWeb_Fatec\\vendor\\fruitcake\\laravel-cors\\src\\HandleCors.php(38): Illuminate\\Pipeline\\Pipeline->Illuminate\\Pipeline\\{closure}(Object(Illuminate\\Http\\Request))
#30 C:\\Users\\mique\\OneDrive\\Área de Trabalho\\GitHub\\ReciclaItapeWeb_Fatec\\vendor\\laravel\\framework\\src\\Illuminate\\Pipeline\\Pipeline.php(167): Fruitcake\\Cors\\HandleCors->handle(Object(Illuminate\\Http\\Request), Object(Closure))
#31 C:\\Users\\mique\\OneDrive\\Área de Trabalho\\GitHub\\ReciclaItapeWeb_Fatec\\vendor\\fideloper\\proxy\\src\\TrustProxies.php(57): Illuminate\\Pipeline\\Pipeline->Illuminate\\Pipeline\\{closure}(Object(Illuminate\\Http\\Request))
#32 C:\\Users\\mique\\OneDrive\\Área de Trabalho\\GitHub\\ReciclaItapeWeb_Fatec\\vendor\\laravel\\framework\\src\\Illuminate\\Pipeline\\Pipeline.php(167): Fideloper\\Proxy\\TrustProxies->handle(Object(Illuminate\\Http\\Request), Object(Closure))
#33 C:\\Users\\mique\\OneDrive\\Área de Trabalho\\GitHub\\ReciclaItapeWeb_Fatec\\vendor\\laravel\\framework\\src\\Illuminate\\Pipeline\\Pipeline.php(103): Illuminate\\Pipeline\\Pipeline->Illuminate\\Pipeline\\{closure}(Object(Illuminate\\Http\\Request))
#34 C:\\Users\\mique\\OneDrive\\Área de Trabalho\\GitHub\\ReciclaItapeWeb_Fatec\\vendor\\laravel\\framework\\src\\Illuminate\\Foundation\\Http\\Kernel.php(140): Illuminate\\Pipeline\\Pipeline->then(Object(Closure))
#35 C:\\Users\\mique\\OneDrive\\Área de Trabalho\\GitHub\\ReciclaItapeWeb_Fatec\\vendor\\laravel\\framework\\src\\Illuminate\\Foundation\\Http\\Kernel.php(109): Illuminate\\Foundation\\Http\\Kernel->sendRequestThroughRouter(Object(Illuminate\\Http\\Request))
#36 C:\\Users\\mique\\OneDrive\\Área de Trabalho\\GitHub\\ReciclaItapeWeb_Fatec\\public\\index.php(55): Illuminate\\Foundation\\Http\\Kernel->handle(Object(Illuminate\\Http\\Request))
#37 C:\\Users\\mique\\OneDrive\\Área de Trabalho\\GitHub\\ReciclaItapeWeb_Fatec\\server.php(21): require_once('C:\\\\Users\\\\mique\\\\...')
#38 {main}
"} 
[2021-05-06 18:40:21] local.ERROR: The only supported ciphers are AES-128-CBC and AES-256-CBC with the correct key lengths. {"exception":"[object] (RuntimeException(code: 0): The only supported ciphers are AES-128-CBC and AES-256-CBC with the correct key lengths. at C:\\Users\\mique\\OneDrive\\Área de Trabalho\\GitHub\\ReciclaItapeWeb_Fatec\\vendor\\laravel\\framework\\src\\Illuminate\\Encryption\\Encrypter.php:43)
[stacktrace]
#0 C:\\Users\\mique\\OneDrive\\Área de Trabalho\\GitHub\\ReciclaItapeWeb_Fatec\\vendor\\laravel\\framework\\src\\Illuminate\\Encryption\\EncryptionServiceProvider.php(33): Illuminate\\Encryption\\Encrypter->__construct('\\xF9\\xA1\\x12'V1/\\xC6&\\x17\\x0F[\\xC73\\x98...', 'AES-256-CBC')
#1 C:\\Users\\mique\\OneDrive\\Área de Trabalho\\GitHub\\ReciclaItapeWeb_Fatec\\vendor\\laravel\\framework\\src\\Illuminate\\Container\\Container.php(805): Illuminate\\Encryption\\EncryptionServiceProvider->Illuminate\\Encryption\\{closure}(Object(Illuminate\\Foundation\\Application), Array)
#2 C:\\Users\\mique\\OneDrive\\Área de Trabalho\\GitHub\\ReciclaItapeWeb_Fatec\\vendor\\laravel\\framework\\src\\Illuminate\\Container\\Container.php(691): Illuminate\\Container\\Container->build(Object(Closure))
#3 C:\\Users\\mique\\OneDrive\\Área de Trabalho\\GitHub\\ReciclaItapeWeb_Fatec\\vendor\\laravel\\framework\\src\\Illuminate\\Foundation\\Application.php(796): Illuminate\\Container\\Container->resolve('encrypter', Array, true)
#4 C:\\Users\\mique\\OneDrive\\Área de Trabalho\\GitHub\\ReciclaItapeWeb_Fatec\\vendor\\laravel\\framework\\src\\Illuminate\\Container\\Container.php(637): Illuminate\\Foundation\\Application->resolve('encrypter', Array)
#5 C:\\Users\\mique\\OneDrive\\Área de Trabalho\\GitHub\\ReciclaItapeWeb_Fatec\\vendor\\laravel\\framework\\src\\Illuminate\\Foundation\\Application.php(781): Illuminate\\Container\\Container->make('encrypter', Array)
#6 C:\\Users\\mique\\OneDrive\\Área de Trabalho\\GitHub\\ReciclaItapeWeb_Fatec\\vendor\\laravel\\framework\\src\\Illuminate\\Container\\Container.php(959): Illuminate\\Foundation\\Application->make('encrypter')
#7 C:\\Users\\mique\\OneDrive\\Área de Trabalho\\GitHub\\ReciclaItapeWeb_Fatec\\vendor\\laravel\\framework\\src\\Illuminate\\Container\\Container.php(879): Illuminate\\Container\\Container->resolveClass(Object(ReflectionParameter))
#8 C:\\Users\\mique\\OneDrive\\Área de Trabalho\\GitHub\\ReciclaItapeWeb_Fatec\\vendor\\laravel\\framework\\src\\Illuminate\\Container\\Container.php(840): Illuminate\\Container\\Container->resolveDependencies(Array)
#9 C:\\Users\\mique\\OneDrive\\Área de Trabalho\\GitHub\\ReciclaItapeWeb_Fatec\\vendor\\laravel\\framework\\src\\Illuminate\\Container\\Container.php(691): Illuminate\\Container\\Container->build('App\\\\Http\\\\Middle...')
#10 C:\\Users\\mique\\OneDrive\\Área de Trabalho\\GitHub\\ReciclaItapeWeb_Fatec\\vendor\\laravel\\framework\\src\\Illuminate\\Foundation\\Application.php(796): Illuminate\\Container\\Container->resolve('App\\\\Http\\\\Middle...', Array, true)
#11 C:\\Users\\mique\\OneDrive\\Área de Trabalho\\GitHub\\ReciclaItapeWeb_Fatec\\vendor\\laravel\\framework\\src\\Illuminate\\Container\\Container.php(637): Illuminate\\Foundation\\Application->resolve('App\\\\Http\\\\Middle...', Array)
#12 C:\\Users\\mique\\OneDrive\\Área de Trabalho\\GitHub\\ReciclaItapeWeb_Fatec\\vendor\\laravel\\framework\\src\\Illuminate\\Foundation\\Application.php(781): Illuminate\\Container\\Container->make('App\\\\Http\\\\Middle...', Array)
#13 C:\\Users\\mique\\OneDrive\\Área de Trabalho\\GitHub\\ReciclaItapeWeb_Fatec\\vendor\\laravel\\framework\\src\\Illuminate\\Foundation\\Http\\Kernel.php(204): Illuminate\\Foundation\\Application->make('App\\\\Http\\\\Middle...')
#14 C:\\Users\\mique\\OneDrive\\Área de Trabalho\\GitHub\\ReciclaItapeWeb_Fatec\\vendor\\laravel\\framework\\src\\Illuminate\\Foundation\\Http\\Kernel.php(178): Illuminate\\Foundation\\Http\\Kernel->terminateMiddleware(Object(Illuminate\\Http\\Request), Object(Illuminate\\Http\\Response))
#15 C:\\Users\\mique\\OneDrive\\Área de Trabalho\\GitHub\\ReciclaItapeWeb_Fatec\\public\\index.php(60): Illuminate\\Foundation\\Http\\Kernel->terminate(Object(Illuminate\\Http\\Request), Object(Illuminate\\Http\\Response))
#16 C:\\Users\\mique\\OneDrive\\Área de Trabalho\\GitHub\\ReciclaItapeWeb_Fatec\\server.php(21): require_once('C:\\\\Users\\\\mique\\\\...')
#17 {main}
"} 
[2021-05-06 18:40:22] local.ERROR: The only supported ciphers are AES-128-CBC and AES-256-CBC with the correct key lengths. {"exception":"[object] (RuntimeException(code: 0): The only supported ciphers are AES-128-CBC and AES-256-CBC with the correct key lengths. at C:\\Users\\mique\\OneDrive\\Área de Trabalho\\GitHub\\ReciclaItapeWeb_Fatec\\vendor\\laravel\\framework\\src\\Illuminate\\Encryption\\Encrypter.php:43)
[stacktrace]
#0 C:\\Users\\mique\\OneDrive\\Área de Trabalho\\GitHub\\ReciclaItapeWeb_Fatec\\vendor\\laravel\\framework\\src\\Illuminate\\Encryption\\EncryptionServiceProvider.php(33): Illuminate\\Encryption\\Encrypter->__construct('\\xF9\\xA1\\x12'V1/\\xC6&\\x17\\x0F[\\xC73\\x98...', 'AES-256-CBC')
#1 C:\\Users\\mique\\OneDrive\\Área de Trabalho\\GitHub\\ReciclaItapeWeb_Fatec\\vendor\\laravel\\framework\\src\\Illuminate\\Container\\Container.php(805): Illuminate\\Encryption\\EncryptionServiceProvider->Illuminate\\Encryption\\{closure}(Object(Illuminate\\Foundation\\Application), Array)
#2 C:\\Users\\mique\\OneDrive\\Área de Trabalho\\GitHub\\ReciclaItapeWeb_Fatec\\vendor\\laravel\\framework\\src\\Illuminate\\Container\\Container.php(691): Illuminate\\Container\\Container->build(Object(Closure))
#3 C:\\Users\\mique\\OneDrive\\Área de Trabalho\\GitHub\\ReciclaItapeWeb_Fatec\\vendor\\laravel\\framework\\src\\Illuminate\\Foundation\\Application.php(796): Illuminate\\Container\\Container->resolve('encrypter', Array, true)
#4 C:\\Users\\mique\\OneDrive\\Área de Trabalho\\GitHub\\ReciclaItapeWeb_Fatec\\vendor\\laravel\\framework\\src\\Illuminate\\Container\\Container.php(637): Illuminate\\Foundation\\Application->resolve('encrypter', Array)
#5 C:\\Users\\mique\\OneDrive\\Área de Trabalho\\GitHub\\ReciclaItapeWeb_Fatec\\vendor\\laravel\\framework\\src\\Illuminate\\Foundation\\Application.php(781): Illuminate\\Container\\Container->make('encrypter', Array)
#6 C:\\Users\\mique\\OneDrive\\Área de Trabalho\\GitHub\\ReciclaItapeWeb_Fatec\\vendor\\laravel\\framework\\src\\Illuminate\\Container\\Container.php(959): Illuminate\\Foundation\\Application->make('encrypter')
#7 C:\\Users\\mique\\OneDrive\\Área de Trabalho\\GitHub\\ReciclaItapeWeb_Fatec\\vendor\\laravel\\framework\\src\\Illuminate\\Container\\Container.php(879): Illuminate\\Container\\Container->resolveClass(Object(ReflectionParameter))
#8 C:\\Users\\mique\\OneDrive\\Área de Trabalho\\GitHub\\ReciclaItapeWeb_Fatec\\vendor\\laravel\\framework\\src\\Illuminate\\Container\\Container.php(840): Illuminate\\Container\\Container->resolveDependencies(Array)
#9 C:\\Users\\mique\\OneDrive\\Área de Trabalho\\GitHub\\ReciclaItapeWeb_Fatec\\vendor\\laravel\\framework\\src\\Illuminate\\Container\\Container.php(691): Illuminate\\Container\\Container->build('App\\\\Http\\\\Middle...')
#10 C:\\Users\\mique\\OneDrive\\Área de Trabalho\\GitHub\\ReciclaItapeWeb_Fatec\\vendor\\laravel\\framework\\src\\Illuminate\\Foundation\\Application.php(796): Illuminate\\Container\\Container->resolve('App\\\\Http\\\\Middle...', Array, true)
#11 C:\\Users\\mique\\OneDrive\\Área de Trabalho\\GitHub\\ReciclaItapeWeb_Fatec\\vendor\\laravel\\framework\\src\\Illuminate\\Container\\Container.php(637): Illuminate\\Foundation\\Application->resolve('App\\\\Http\\\\Middle...', Array)
#12 C:\\Users\\mique\\OneDrive\\Área de Trabalho\\GitHub\\ReciclaItapeWeb_Fatec\\vendor\\laravel\\framework\\src\\Illuminate\\Foundation\\Application.php(781): Illuminate\\Container\\Container->make('App\\\\Http\\\\Middle...', Array)
#13 C:\\Users\\mique\\OneDrive\\Área de Trabalho\\GitHub\\ReciclaItapeWeb_Fatec\\vendor\\laravel\\framework\\src\\Illuminate\\Pipeline\\Pipeline.php(156): Illuminate\\Foundation\\Application->make('App\\\\Http\\\\Middle...')
#14 C:\\Users\\mique\\OneDrive\\Área de Trabalho\\GitHub\\ReciclaItapeWeb_Fatec\\vendor\\laravel\\framework\\src\\Illuminate\\Pipeline\\Pipeline.php(103): Illuminate\\Pipeline\\Pipeline->Illuminate\\Pipeline\\{closure}(Object(Illuminate\\Http\\Request))
#15 C:\\Users\\mique\\OneDrive\\Área de Trabalho\\GitHub\\ReciclaItapeWeb_Fatec\\vendor\\laravel\\framework\\src\\Illuminate\\Routing\\Router.php(687): Illuminate\\Pipeline\\Pipeline->then(Object(Closure))
#16 C:\\Users\\mique\\OneDrive\\Área de Trabalho\\GitHub\\ReciclaItapeWeb_Fatec\\vendor\\laravel\\framework\\src\\Illuminate\\Routing\\Router.php(662): Illuminate\\Routing\\Router->runRouteWithinStack(Object(Illuminate\\Routing\\Route), Object(Illuminate\\Http\\Request))
#17 C:\\Users\\mique\\OneDrive\\Área de Trabalho\\GitHub\\ReciclaItapeWeb_Fatec\\vendor\\laravel\\framework\\src\\Illuminate\\Routing\\Router.php(628): Illuminate\\Routing\\Router->runRoute(Object(Illuminate\\Http\\Request), Object(Illuminate\\Routing\\Route))
#18 C:\\Users\\mique\\OneDrive\\Área de Trabalho\\GitHub\\ReciclaItapeWeb_Fatec\\vendor\\laravel\\framework\\src\\Illuminate\\Routing\\Router.php(617): Illuminate\\Routing\\Router->dispatchToRoute(Object(Illuminate\\Http\\Request))
#19 C:\\Users\\mique\\OneDrive\\Área de Trabalho\\GitHub\\ReciclaItapeWeb_Fatec\\vendor\\laravel\\framework\\src\\Illuminate\\Foundation\\Http\\Kernel.php(165): Illuminate\\Routing\\Router->dispatch(Object(Illuminate\\Http\\Request))
#20 C:\\Users\\mique\\OneDrive\\Área de Trabalho\\GitHub\\ReciclaItapeWeb_Fatec\\vendor\\laravel\\framework\\src\\Illuminate\\Pipeline\\Pipeline.php(128): Illuminate\\Foundation\\Http\\Kernel->Illuminate\\Foundation\\Http\\{closure}(Object(Illuminate\\Http\\Request))
#21 C:\\Users\\mique\\OneDrive\\Área de Trabalho\\GitHub\\ReciclaItapeWeb_Fatec\\vendor\\laravel\\framework\\src\\Illuminate\\Foundation\\Http\\Middleware\\TransformsRequest.php(21): Illuminate\\Pipeline\\Pipeline->Illuminate\\Pipeline\\{closure}(Object(Illuminate\\Http\\Request))
#22 C:\\Users\\mique\\OneDrive\\Área de Trabalho\\GitHub\\ReciclaItapeWeb_Fatec\\vendor\\laravel\\framework\\src\\Illuminate\\Pipeline\\Pipeline.php(167): Illuminate\\Foundation\\Http\\Middleware\\TransformsRequest->handle(Object(Illuminate\\Http\\Request), Object(Closure))
#23 C:\\Users\\mique\\OneDrive\\Área de Trabalho\\GitHub\\ReciclaItapeWeb_Fatec\\vendor\\laravel\\framework\\src\\Illuminate\\Foundation\\Http\\Middleware\\TransformsRequest.php(21): Illuminate\\Pipeline\\Pipeline->Illuminate\\Pipeline\\{closure}(Object(Illuminate\\Http\\Request))
#24 C:\\Users\\mique\\OneDrive\\Área de Trabalho\\GitHub\\ReciclaItapeWeb_Fatec\\vendor\\laravel\\framework\\src\\Illuminate\\Pipeline\\Pipeline.php(167): Illuminate\\Foundation\\Http\\Middleware\\TransformsRequest->handle(Object(Illuminate\\Http\\Request), Object(Closure))
#25 C:\\Users\\mique\\OneDrive\\Área de Trabalho\\GitHub\\ReciclaItapeWeb_Fatec\\vendor\\laravel\\framework\\src\\Illuminate\\Foundation\\Http\\Middleware\\ValidatePostSize.php(27): Illuminate\\Pipeline\\Pipeline->Illuminate\\Pipeline\\{closure}(Object(Illuminate\\Http\\Request))
#26 C:\\Users\\mique\\OneDrive\\Área de Trabalho\\GitHub\\ReciclaItapeWeb_Fatec\\vendor\\laravel\\framework\\src\\Illuminate\\Pipeline\\Pipeline.php(167): Illuminate\\Foundation\\Http\\Middleware\\ValidatePostSize->handle(Object(Illuminate\\Http\\Request), Object(Closure))
#27 C:\\Users\\mique\\OneDrive\\Área de Trabalho\\GitHub\\ReciclaItapeWeb_Fatec\\vendor\\laravel\\framework\\src\\Illuminate\\Foundation\\Http\\Middleware\\CheckForMaintenanceMode.php(63): Illuminate\\Pipeline\\Pipeline->Illuminate\\Pipeline\\{closure}(Object(Illuminate\\Http\\Request))
#28 C:\\Users\\mique\\OneDrive\\Área de Trabalho\\GitHub\\ReciclaItapeWeb_Fatec\\vendor\\laravel\\framework\\src\\Illuminate\\Pipeline\\Pipeline.php(167): Illuminate\\Foundation\\Http\\Middleware\\CheckForMaintenanceMode->handle(Object(Illuminate\\Http\\Request), Object(Closure))
#29 C:\\Users\\mique\\OneDrive\\Área de Trabalho\\GitHub\\ReciclaItapeWeb_Fatec\\vendor\\fruitcake\\laravel-cors\\src\\HandleCors.php(38): Illuminate\\Pipeline\\Pipeline->Illuminate\\Pipeline\\{closure}(Object(Illuminate\\Http\\Request))
#30 C:\\Users\\mique\\OneDrive\\Área de Trabalho\\GitHub\\ReciclaItapeWeb_Fatec\\vendor\\laravel\\framework\\src\\Illuminate\\Pipeline\\Pipeline.php(167): Fruitcake\\Cors\\HandleCors->handle(Object(Illuminate\\Http\\Request), Object(Closure))
#31 C:\\Users\\mique\\OneDrive\\Área de Trabalho\\GitHub\\ReciclaItapeWeb_Fatec\\vendor\\fideloper\\proxy\\src\\TrustProxies.php(57): Illuminate\\Pipeline\\Pipeline->Illuminate\\Pipeline\\{closure}(Object(Illuminate\\Http\\Request))
#32 C:\\Users\\mique\\OneDrive\\Área de Trabalho\\GitHub\\ReciclaItapeWeb_Fatec\\vendor\\laravel\\framework\\src\\Illuminate\\Pipeline\\Pipeline.php(167): Fideloper\\Proxy\\TrustProxies->handle(Object(Illuminate\\Http\\Request), Object(Closure))
#33 C:\\Users\\mique\\OneDrive\\Área de Trabalho\\GitHub\\ReciclaItapeWeb_Fatec\\vendor\\laravel\\framework\\src\\Illuminate\\Pipeline\\Pipeline.php(103): Illuminate\\Pipeline\\Pipeline->Illuminate\\Pipeline\\{closure}(Object(Illuminate\\Http\\Request))
#34 C:\\Users\\mique\\OneDrive\\Área de Trabalho\\GitHub\\ReciclaItapeWeb_Fatec\\vendor\\laravel\\framework\\src\\Illuminate\\Foundation\\Http\\Kernel.php(140): Illuminate\\Pipeline\\Pipeline->then(Object(Closure))
#35 C:\\Users\\mique\\OneDrive\\Área de Trabalho\\GitHub\\ReciclaItapeWeb_Fatec\\vendor\\laravel\\framework\\src\\Illuminate\\Foundation\\Http\\Kernel.php(109): Illuminate\\Foundation\\Http\\Kernel->sendRequestThroughRouter(Object(Illuminate\\Http\\Request))
#36 C:\\Users\\mique\\OneDrive\\Área de Trabalho\\GitHub\\ReciclaItapeWeb_Fatec\\public\\index.php(55): Illuminate\\Foundation\\Http\\Kernel->handle(Object(Illuminate\\Http\\Request))
#37 C:\\Users\\mique\\OneDrive\\Área de Trabalho\\GitHub\\ReciclaItapeWeb_Fatec\\server.php(21): require_once('C:\\\\Users\\\\mique\\\\...')
#38 {main}
"} 
[2021-05-06 18:40:22] local.ERROR: The only supported ciphers are AES-128-CBC and AES-256-CBC with the correct key lengths. {"exception":"[object] (RuntimeException(code: 0): The only supported ciphers are AES-128-CBC and AES-256-CBC with the correct key lengths. at C:\\Users\\mique\\OneDrive\\Área de Trabalho\\GitHub\\ReciclaItapeWeb_Fatec\\vendor\\laravel\\framework\\src\\Illuminate\\Encryption\\Encrypter.php:43)
[stacktrace]
#0 C:\\Users\\mique\\OneDrive\\Área de Trabalho\\GitHub\\ReciclaItapeWeb_Fatec\\vendor\\laravel\\framework\\src\\Illuminate\\Encryption\\EncryptionServiceProvider.php(33): Illuminate\\Encryption\\Encrypter->__construct('\\xF9\\xA1\\x12'V1/\\xC6&\\x17\\x0F[\\xC73\\x98...', 'AES-256-CBC')
#1 C:\\Users\\mique\\OneDrive\\Área de Trabalho\\GitHub\\ReciclaItapeWeb_Fatec\\vendor\\laravel\\framework\\src\\Illuminate\\Container\\Container.php(805): Illuminate\\Encryption\\EncryptionServiceProvider->Illuminate\\Encryption\\{closure}(Object(Illuminate\\Foundation\\Application), Array)
#2 C:\\Users\\mique\\OneDrive\\Área de Trabalho\\GitHub\\ReciclaItapeWeb_Fatec\\vendor\\laravel\\framework\\src\\Illuminate\\Container\\Container.php(691): Illuminate\\Container\\Container->build(Object(Closure))
#3 C:\\Users\\mique\\OneDrive\\Área de Trabalho\\GitHub\\ReciclaItapeWeb_Fatec\\vendor\\laravel\\framework\\src\\Illuminate\\Foundation\\Application.php(796): Illuminate\\Container\\Container->resolve('encrypter', Array, true)
#4 C:\\Users\\mique\\OneDrive\\Área de Trabalho\\GitHub\\ReciclaItapeWeb_Fatec\\vendor\\laravel\\framework\\src\\Illuminate\\Container\\Container.php(637): Illuminate\\Foundation\\Application->resolve('encrypter', Array)
#5 C:\\Users\\mique\\OneDrive\\Área de Trabalho\\GitHub\\ReciclaItapeWeb_Fatec\\vendor\\laravel\\framework\\src\\Illuminate\\Foundation\\Application.php(781): Illuminate\\Container\\Container->make('encrypter', Array)
#6 C:\\Users\\mique\\OneDrive\\Área de Trabalho\\GitHub\\ReciclaItapeWeb_Fatec\\vendor\\laravel\\framework\\src\\Illuminate\\Container\\Container.php(959): Illuminate\\Foundation\\Application->make('encrypter')
#7 C:\\Users\\mique\\OneDrive\\Área de Trabalho\\GitHub\\ReciclaItapeWeb_Fatec\\vendor\\laravel\\framework\\src\\Illuminate\\Container\\Container.php(879): Illuminate\\Container\\Container->resolveClass(Object(ReflectionParameter))
#8 C:\\Users\\mique\\OneDrive\\Área de Trabalho\\GitHub\\ReciclaItapeWeb_Fatec\\vendor\\laravel\\framework\\src\\Illuminate\\Container\\Container.php(840): Illuminate\\Container\\Container->resolveDependencies(Array)
#9 C:\\Users\\mique\\OneDrive\\Área de Trabalho\\GitHub\\ReciclaItapeWeb_Fatec\\vendor\\laravel\\framework\\src\\Illuminate\\Container\\Container.php(691): Illuminate\\Container\\Container->build('App\\\\Http\\\\Middle...')
#10 C:\\Users\\mique\\OneDrive\\Área de Trabalho\\GitHub\\ReciclaItapeWeb_Fatec\\vendor\\laravel\\framework\\src\\Illuminate\\Foundation\\Application.php(796): Illuminate\\Container\\Container->resolve('App\\\\Http\\\\Middle...', Array, true)
#11 C:\\Users\\mique\\OneDrive\\Área de Trabalho\\GitHub\\ReciclaItapeWeb_Fatec\\vendor\\laravel\\framework\\src\\Illuminate\\Container\\Container.php(637): Illuminate\\Foundation\\Application->resolve('App\\\\Http\\\\Middle...', Array)
#12 C:\\Users\\mique\\OneDrive\\Área de Trabalho\\GitHub\\ReciclaItapeWeb_Fatec\\vendor\\laravel\\framework\\src\\Illuminate\\Foundation\\Application.php(781): Illuminate\\Container\\Container->make('App\\\\Http\\\\Middle...', Array)
#13 C:\\Users\\mique\\OneDrive\\Área de Trabalho\\GitHub\\ReciclaItapeWeb_Fatec\\vendor\\laravel\\framework\\src\\Illuminate\\Foundation\\Http\\Kernel.php(204): Illuminate\\Foundation\\Application->make('App\\\\Http\\\\Middle...')
#14 C:\\Users\\mique\\OneDrive\\Área de Trabalho\\GitHub\\ReciclaItapeWeb_Fatec\\vendor\\laravel\\framework\\src\\Illuminate\\Foundation\\Http\\Kernel.php(178): Illuminate\\Foundation\\Http\\Kernel->terminateMiddleware(Object(Illuminate\\Http\\Request), Object(Illuminate\\Http\\Response))
#15 C:\\Users\\mique\\OneDrive\\Área de Trabalho\\GitHub\\ReciclaItapeWeb_Fatec\\public\\index.php(60): Illuminate\\Foundation\\Http\\Kernel->terminate(Object(Illuminate\\Http\\Request), Object(Illuminate\\Http\\Response))
#16 C:\\Users\\mique\\OneDrive\\Área de Trabalho\\GitHub\\ReciclaItapeWeb_Fatec\\server.php(21): require_once('C:\\\\Users\\\\mique\\\\...')
#17 {main}
"} 
